This is pdfTeX, Version 3.1415926-2.4-1.40.13 (TeX Live 2012/Debian) (format=pdflatex 2014.7.15)  26 MAY 2015 14:26
entering extended mode
 restricted \write18 enabled.
 %&-line parsing enabled.
**Pysafet.tex
(./Pysafet.tex
LaTeX2e <2011/06/27>
Babel <v3.8m> and hyphenation patterns for english, dumylang, nohyphenation, et
hiopic, farsi, arabic, pinyin, croatian, bulgarian, ukrainian, russian, slovak,
 czech, danish, dutch, usenglishmax, ukenglish, finnish, french, basque, ngerma
n, german, swissgerman, ngerman-x-2012-05-30, german-x-2012-05-30, monogreek, g
reek, ibycus, ancientgreek, hungarian, bengali, tamil, hindi, telugu, gujarati,
 sanskrit, malayalam, kannada, assamese, marathi, oriya, panjabi, italian, lati
n, latvian, lithuanian, mongolian, mongolianlmc, nynorsk, bokmal, indonesian, e
speranto, coptic, welsh, irish, interlingua, serbian, serbianc, slovenian, friu
lan, romansh, estonian, romanian, armenian, uppersorbian, turkish, afrikaans, i
celandic, kurmanji, polish, portuguese, galician, catalan, spanish, swedish, th
ai, loaded.
(./sphinxmanual.cls
Document Class: sphinxmanual 2009/06/02 Document class (Sphinx manual)
(/usr/share/texlive/texmf-dist/tex/latex/base/report.cls
Document Class: report 2007/10/19 v1.4h Standard LaTeX document class
(/usr/share/texlive/texmf-dist/tex/latex/base/size11.clo
File: size11.clo 2007/10/19 v1.4h Standard LaTeX file (size option)
)
\c@part=\count79
\c@chapter=\count80
\c@section=\count81
\c@subsection=\count82
\c@subsubsection=\count83
\c@paragraph=\count84
\c@subparagraph=\count85
\c@figure=\count86
\c@table=\count87
\abovecaptionskip=\skip41
\belowcaptionskip=\skip42
\bibindent=\dimen102
))
(/usr/share/texlive/texmf-dist/tex/latex/base/inputenc.sty
Package: inputenc 2008/03/30 v1.1d Input encoding file
\inpenc@prehook=\toks14
\inpenc@posthook=\toks15

(/usr/share/texlive/texmf-dist/tex/latex/base/utf8.def
File: utf8.def 2008/04/05 v1.1m UTF-8 support for inputenc
Now handling font encoding OML ...
... no UTF-8 mapping file for font encoding OML
Now handling font encoding T1 ...
... processing UTF-8 mapping file for font encoding T1

(/usr/share/texlive/texmf-dist/tex/latex/base/t1enc.dfu
File: t1enc.dfu 2008/04/05 v1.1m UTF-8 support for inputenc
   defining Unicode char U+00A1 (decimal 161)
   defining Unicode char U+00A3 (decimal 163)
   defining Unicode char U+00AB (decimal 171)
   defining Unicode char U+00BB (decimal 187)
   defining Unicode char U+00BF (decimal 191)
   defining Unicode char U+00C0 (decimal 192)
   defining Unicode char U+00C1 (decimal 193)
   defining Unicode char U+00C2 (decimal 194)
   defining Unicode char U+00C3 (decimal 195)
   defining Unicode char U+00C4 (decimal 196)
   defining Unicode char U+00C5 (decimal 197)
   defining Unicode char U+00C6 (decimal 198)
   defining Unicode char U+00C7 (decimal 199)
   defining Unicode char U+00C8 (decimal 200)
   defining Unicode char U+00C9 (decimal 201)
   defining Unicode char U+00CA (decimal 202)
   defining Unicode char U+00CB (decimal 203)
   defining Unicode char U+00CC (decimal 204)
   defining Unicode char U+00CD (decimal 205)
   defining Unicode char U+00CE (decimal 206)
   defining Unicode char U+00CF (decimal 207)
   defining Unicode char U+00D0 (decimal 208)
   defining Unicode char U+00D1 (decimal 209)
   defining Unicode char U+00D2 (decimal 210)
   defining Unicode char U+00D3 (decimal 211)
   defining Unicode char U+00D4 (decimal 212)
   defining Unicode char U+00D5 (decimal 213)
   defining Unicode char U+00D6 (decimal 214)
   defining Unicode char U+00D8 (decimal 216)
   defining Unicode char U+00D9 (decimal 217)
   defining Unicode char U+00DA (decimal 218)
   defining Unicode char U+00DB (decimal 219)
   defining Unicode char U+00DC (decimal 220)
   defining Unicode char U+00DD (decimal 221)
   defining Unicode char U+00DE (decimal 222)
   defining Unicode char U+00DF (decimal 223)
   defining Unicode char U+00E0 (decimal 224)
   defining Unicode char U+00E1 (decimal 225)
   defining Unicode char U+00E2 (decimal 226)
   defining Unicode char U+00E3 (decimal 227)
   defining Unicode char U+00E4 (decimal 228)
   defining Unicode char U+00E5 (decimal 229)
   defining Unicode char U+00E6 (decimal 230)
   defining Unicode char U+00E7 (decimal 231)
   defining Unicode char U+00E8 (decimal 232)
   defining Unicode char U+00E9 (decimal 233)
   defining Unicode char U+00EA (decimal 234)
   defining Unicode char U+00EB (decimal 235)
   defining Unicode char U+00EC (decimal 236)
   defining Unicode char U+00ED (decimal 237)
   defining Unicode char U+00EE (decimal 238)
   defining Unicode char U+00EF (decimal 239)
   defining Unicode char U+00F0 (decimal 240)
   defining Unicode char U+00F1 (decimal 241)
   defining Unicode char U+00F2 (decimal 242)
   defining Unicode char U+00F3 (decimal 243)
   defining Unicode char U+00F4 (decimal 244)
   defining Unicode char U+00F5 (decimal 245)
   defining Unicode char U+00F6 (decimal 246)
   defining Unicode char U+00F8 (decimal 248)
   defining Unicode char U+00F9 (decimal 249)
   defining Unicode char U+00FA (decimal 250)
   defining Unicode char U+00FB (decimal 251)
   defining Unicode char U+00FC (decimal 252)
   defining Unicode char U+00FD (decimal 253)
   defining Unicode char U+00FE (decimal 254)
   defining Unicode char U+00FF (decimal 255)
   defining Unicode char U+0102 (decimal 258)
   defining Unicode char U+0103 (decimal 259)
   defining Unicode char U+0104 (decimal 260)
   defining Unicode char U+0105 (decimal 261)
   defining Unicode char U+0106 (decimal 262)
   defining Unicode char U+0107 (decimal 263)
   defining Unicode char U+010C (decimal 268)
   defining Unicode char U+010D (decimal 269)
   defining Unicode char U+010E (decimal 270)
   defining Unicode char U+010F (decimal 271)
   defining Unicode char U+0110 (decimal 272)
   defining Unicode char U+0111 (decimal 273)
   defining Unicode char U+0118 (decimal 280)
   defining Unicode char U+0119 (decimal 281)
   defining Unicode char U+011A (decimal 282)
   defining Unicode char U+011B (decimal 283)
   defining Unicode char U+011E (decimal 286)
   defining Unicode char U+011F (decimal 287)
   defining Unicode char U+0130 (decimal 304)
   defining Unicode char U+0131 (decimal 305)
   defining Unicode char U+0132 (decimal 306)
   defining Unicode char U+0133 (decimal 307)
   defining Unicode char U+0139 (decimal 313)
   defining Unicode char U+013A (decimal 314)
   defining Unicode char U+013D (decimal 317)
   defining Unicode char U+013E (decimal 318)
   defining Unicode char U+0141 (decimal 321)
   defining Unicode char U+0142 (decimal 322)
   defining Unicode char U+0143 (decimal 323)
   defining Unicode char U+0144 (decimal 324)
   defining Unicode char U+0147 (decimal 327)
   defining Unicode char U+0148 (decimal 328)
   defining Unicode char U+014A (decimal 330)
   defining Unicode char U+014B (decimal 331)
   defining Unicode char U+0150 (decimal 336)
   defining Unicode char U+0151 (decimal 337)
   defining Unicode char U+0152 (decimal 338)
   defining Unicode char U+0153 (decimal 339)
   defining Unicode char U+0154 (decimal 340)
   defining Unicode char U+0155 (decimal 341)
   defining Unicode char U+0158 (decimal 344)
   defining Unicode char U+0159 (decimal 345)
   defining Unicode char U+015A (decimal 346)
   defining Unicode char U+015B (decimal 347)
   defining Unicode char U+015E (decimal 350)
   defining Unicode char U+015F (decimal 351)
   defining Unicode char U+0160 (decimal 352)
   defining Unicode char U+0161 (decimal 353)
   defining Unicode char U+0162 (decimal 354)
   defining Unicode char U+0163 (decimal 355)
   defining Unicode char U+0164 (decimal 356)
   defining Unicode char U+0165 (decimal 357)
   defining Unicode char U+016E (decimal 366)
   defining Unicode char U+016F (decimal 367)
   defining Unicode char U+0170 (decimal 368)
   defining Unicode char U+0171 (decimal 369)
   defining Unicode char U+0178 (decimal 376)
   defining Unicode char U+0179 (decimal 377)
   defining Unicode char U+017A (decimal 378)
   defining Unicode char U+017B (decimal 379)
   defining Unicode char U+017C (decimal 380)
   defining Unicode char U+017D (decimal 381)
   defining Unicode char U+017E (decimal 382)
   defining Unicode char U+200C (decimal 8204)
   defining Unicode char U+2013 (decimal 8211)
   defining Unicode char U+2014 (decimal 8212)
   defining Unicode char U+2018 (decimal 8216)
   defining Unicode char U+2019 (decimal 8217)
   defining Unicode char U+201A (decimal 8218)
   defining Unicode char U+201C (decimal 8220)
   defining Unicode char U+201D (decimal 8221)
   defining Unicode char U+201E (decimal 8222)
   defining Unicode char U+2030 (decimal 8240)
   defining Unicode char U+2031 (decimal 8241)
   defining Unicode char U+2039 (decimal 8249)
   defining Unicode char U+203A (decimal 8250)
   defining Unicode char U+2423 (decimal 9251)
)
Now handling font encoding OT1 ...
... processing UTF-8 mapping file for font encoding OT1

(/usr/share/texlive/texmf-dist/tex/latex/base/ot1enc.dfu
File: ot1enc.dfu 2008/04/05 v1.1m UTF-8 support for inputenc
   defining Unicode char U+00A1 (decimal 161)
   defining Unicode char U+00A3 (decimal 163)
   defining Unicode char U+00B8 (decimal 184)
   defining Unicode char U+00BF (decimal 191)
   defining Unicode char U+00C5 (decimal 197)
   defining Unicode char U+00C6 (decimal 198)
   defining Unicode char U+00D8 (decimal 216)
   defining Unicode char U+00DF (decimal 223)
   defining Unicode char U+00E6 (decimal 230)
   defining Unicode char U+00EC (decimal 236)
   defining Unicode char U+00ED (decimal 237)
   defining Unicode char U+00EE (decimal 238)
   defining Unicode char U+00EF (decimal 239)
   defining Unicode char U+00F8 (decimal 248)
   defining Unicode char U+0131 (decimal 305)
   defining Unicode char U+0141 (decimal 321)
   defining Unicode char U+0142 (decimal 322)
   defining Unicode char U+0152 (decimal 338)
   defining Unicode char U+0153 (decimal 339)
   defining Unicode char U+2013 (decimal 8211)
   defining Unicode char U+2014 (decimal 8212)
   defining Unicode char U+2018 (decimal 8216)
   defining Unicode char U+2019 (decimal 8217)
   defining Unicode char U+201C (decimal 8220)
   defining Unicode char U+201D (decimal 8221)
)
Now handling font encoding OMS ...
... processing UTF-8 mapping file for font encoding OMS

(/usr/share/texlive/texmf-dist/tex/latex/base/omsenc.dfu
File: omsenc.dfu 2008/04/05 v1.1m UTF-8 support for inputenc
   defining Unicode char U+00A7 (decimal 167)
   defining Unicode char U+00B6 (decimal 182)
   defining Unicode char U+00B7 (decimal 183)
   defining Unicode char U+2020 (decimal 8224)
   defining Unicode char U+2021 (decimal 8225)
   defining Unicode char U+2022 (decimal 8226)
)
Now handling font encoding OMX ...
... no UTF-8 mapping file for font encoding OMX
Now handling font encoding U ...
... no UTF-8 mapping file for font encoding U
   defining Unicode char U+00A9 (decimal 169)
   defining Unicode char U+00AA (decimal 170)
   defining Unicode char U+00AE (decimal 174)
   defining Unicode char U+00BA (decimal 186)
   defining Unicode char U+02C6 (decimal 710)
   defining Unicode char U+02DC (decimal 732)
   defining Unicode char U+200C (decimal 8204)
   defining Unicode char U+2026 (decimal 8230)
   defining Unicode char U+2122 (decimal 8482)
   defining Unicode char U+2423 (decimal 9251)
))
   defining Unicode char U+00A0 (decimal 160)

(/usr/share/texlive/texmf-dist/tex/latex/cmap/cmap.sty
Package: cmap 2008/03/06 v1.0h CMap support: searchable PDF
)
(/usr/share/texlive/texmf-dist/tex/latex/base/fontenc.sty
Package: fontenc 2005/09/27 v1.99g Standard LaTeX package

(/usr/share/texlive/texmf-dist/tex/latex/base/t1enc.def
File: t1enc.def 2005/09/27 v1.99g Standard LaTeX file
LaTeX Font Info:    Redeclaring font encoding T1 on input line 43.
)<<t1.cmap>>)
(/var/lib/texmf/tex/generic/babel/babel.sty
Package: babel 2008/07/08 v3.8m The Babel package

(/usr/share/texlive/texmf-dist/tex/generic/babel/spanish.ldf
Language: spanish.ldf 2011/10/06 v5.0k Spanish support from the babel system

(/usr/share/texlive/texmf-dist/tex/generic/babel/babel.def
File: babel.def 2008/07/08 v3.8m Babel common definitions
\babel@savecnt=\count88
\U@D=\dimen103
)
\es@datefmt=\count89
\es@quottoks=\toks16
\es@quotdepth=\count90
Package babel Info: Making " an active character on input line 496.
Package babel Info: Making . an active character on input line 599.
Package babel Info: Making < an active character on input line 644.
Package babel Info: Making > an active character on input line 644.
))
(/usr/share/texlive/texmf-dist/tex/latex/psnfss/times.sty
Package: times 2005/04/12 PSNFSS-v9.2a (SPQR) 
) (./fncychap.sty
Package: fncychap 2007/07/30 v1.34 LaTeX package (Revised chapters)
\RW=\skip43
\mylen=\skip44
\myhi=\skip45
\px=\skip46
\py=\skip47
\pyy=\skip48
\pxx=\skip49
)
(/usr/share/texlive/texmf-dist/tex/latex/tools/longtable.sty
Package: longtable 2004/02/01 v4.11 Multi-page Table package (DPC)
\LTleft=\skip50
\LTright=\skip51
\LTpre=\skip52
\LTpost=\skip53
\LTchunksize=\count91
\LTcapwidth=\dimen104
\LT@head=\box26
\LT@firsthead=\box27
\LT@foot=\box28
\LT@lastfoot=\box29
\LT@cols=\count92
\LT@rows=\count93
\c@LT@tables=\count94
\c@LT@chunks=\count95
\LT@p@ftn=\toks17
) (./sphinx.sty
Package: sphinx 2010/01/15 LaTeX package (Sphinx markup)

(/usr/share/texlive/texmf-dist/tex/latex/fancyhdr/fancyhdr.sty
\fancy@headwidth=\skip54
\f@ncyO@elh=\skip55
\f@ncyO@erh=\skip56
\f@ncyO@olh=\skip57
\f@ncyO@orh=\skip58
\f@ncyO@elf=\skip59
\f@ncyO@erf=\skip60
\f@ncyO@olf=\skip61
\f@ncyO@orf=\skip62
)
(/usr/share/texlive/texmf-dist/tex/latex/base/textcomp.sty
Package: textcomp 2005/09/27 v1.99g Standard LaTeX package
Package textcomp Info: Sub-encoding information:
(textcomp)               5 = only ISO-Adobe without \textcurrency
(textcomp)               4 = 5 + \texteuro
(textcomp)               3 = 4 + \textohm
(textcomp)               2 = 3 + \textestimated + \textcurrency
(textcomp)               1 = TS1 - \textcircled - \t
(textcomp)               0 = TS1 (full)
(textcomp)             Font families with sub-encoding setting implement
(textcomp)             only a restricted character set as indicated.
(textcomp)             Family '?' is the default used for unknown fonts.
(textcomp)             See the documentation for details.
Package textcomp Info: Setting ? sub-encoding to TS1/1 on input line 71.

(/usr/share/texlive/texmf-dist/tex/latex/base/ts1enc.def
File: ts1enc.def 2001/06/05 v3.0e (jk/car/fm) Standard LaTeX file
Now handling font encoding TS1 ...
... processing UTF-8 mapping file for font encoding TS1

(/usr/share/texlive/texmf-dist/tex/latex/base/ts1enc.dfu
File: ts1enc.dfu 2008/04/05 v1.1m UTF-8 support for inputenc
   defining Unicode char U+00A2 (decimal 162)
   defining Unicode char U+00A3 (decimal 163)
   defining Unicode char U+00A4 (decimal 164)
   defining Unicode char U+00A5 (decimal 165)
   defining Unicode char U+00A6 (decimal 166)
   defining Unicode char U+00A7 (decimal 167)
   defining Unicode char U+00A8 (decimal 168)
   defining Unicode char U+00A9 (decimal 169)
   defining Unicode char U+00AA (decimal 170)
   defining Unicode char U+00AC (decimal 172)
   defining Unicode char U+00AE (decimal 174)
   defining Unicode char U+00AF (decimal 175)
   defining Unicode char U+00B0 (decimal 176)
   defining Unicode char U+00B1 (decimal 177)
   defining Unicode char U+00B2 (decimal 178)
   defining Unicode char U+00B3 (decimal 179)
   defining Unicode char U+00B4 (decimal 180)
   defining Unicode char U+00B5 (decimal 181)
   defining Unicode char U+00B6 (decimal 182)
   defining Unicode char U+00B7 (decimal 183)
   defining Unicode char U+00B9 (decimal 185)
   defining Unicode char U+00BA (decimal 186)
   defining Unicode char U+00BC (decimal 188)
   defining Unicode char U+00BD (decimal 189)
   defining Unicode char U+00BE (decimal 190)
   defining Unicode char U+00D7 (decimal 215)
   defining Unicode char U+00F7 (decimal 247)
   defining Unicode char U+0192 (decimal 402)
   defining Unicode char U+02C7 (decimal 711)
   defining Unicode char U+02D8 (decimal 728)
   defining Unicode char U+02DD (decimal 733)
   defining Unicode char U+0E3F (decimal 3647)
   defining Unicode char U+2016 (decimal 8214)
   defining Unicode char U+2020 (decimal 8224)
   defining Unicode char U+2021 (decimal 8225)
   defining Unicode char U+2022 (decimal 8226)
   defining Unicode char U+2030 (decimal 8240)
   defining Unicode char U+2031 (decimal 8241)
   defining Unicode char U+203B (decimal 8251)
   defining Unicode char U+203D (decimal 8253)
   defining Unicode char U+2044 (decimal 8260)
   defining Unicode char U+204E (decimal 8270)
   defining Unicode char U+2052 (decimal 8274)
   defining Unicode char U+20A1 (decimal 8353)
   defining Unicode char U+20A4 (decimal 8356)
   defining Unicode char U+20A6 (decimal 8358)
   defining Unicode char U+20A9 (decimal 8361)
   defining Unicode char U+20AB (decimal 8363)
   defining Unicode char U+20AC (decimal 8364)
   defining Unicode char U+20B1 (decimal 8369)
   defining Unicode char U+2103 (decimal 8451)
   defining Unicode char U+2116 (decimal 8470)
   defining Unicode char U+2117 (decimal 8471)
   defining Unicode char U+211E (decimal 8478)
   defining Unicode char U+2120 (decimal 8480)
   defining Unicode char U+2122 (decimal 8482)
   defining Unicode char U+2126 (decimal 8486)
   defining Unicode char U+2127 (decimal 8487)
   defining Unicode char U+212E (decimal 8494)
   defining Unicode char U+2190 (decimal 8592)
   defining Unicode char U+2191 (decimal 8593)
   defining Unicode char U+2192 (decimal 8594)
   defining Unicode char U+2193 (decimal 8595)
   defining Unicode char U+2329 (decimal 9001)
   defining Unicode char U+232A (decimal 9002)
   defining Unicode char U+2422 (decimal 9250)
   defining Unicode char U+25E6 (decimal 9702)
   defining Unicode char U+25EF (decimal 9711)
   defining Unicode char U+266A (decimal 9834)
))
LaTeX Info: Redefining \oldstylenums on input line 266.
Package textcomp Info: Setting cmr sub-encoding to TS1/0 on input line 281.
Package textcomp Info: Setting cmss sub-encoding to TS1/0 on input line 282.
Package textcomp Info: Setting cmtt sub-encoding to TS1/0 on input line 283.
Package textcomp Info: Setting cmvtt sub-encoding to TS1/0 on input line 284.
Package textcomp Info: Setting cmbr sub-encoding to TS1/0 on input line 285.
Package textcomp Info: Setting cmtl sub-encoding to TS1/0 on input line 286.
Package textcomp Info: Setting ccr sub-encoding to TS1/0 on input line 287.
Package textcomp Info: Setting ptm sub-encoding to TS1/4 on input line 288.
Package textcomp Info: Setting pcr sub-encoding to TS1/4 on input line 289.
Package textcomp Info: Setting phv sub-encoding to TS1/4 on input line 290.
Package textcomp Info: Setting ppl sub-encoding to TS1/3 on input line 291.
Package textcomp Info: Setting pag sub-encoding to TS1/4 on input line 292.
Package textcomp Info: Setting pbk sub-encoding to TS1/4 on input line 293.
Package textcomp Info: Setting pnc sub-encoding to TS1/4 on input line 294.
Package textcomp Info: Setting pzc sub-encoding to TS1/4 on input line 295.
Package textcomp Info: Setting bch sub-encoding to TS1/4 on input line 296.
Package textcomp Info: Setting put sub-encoding to TS1/5 on input line 297.
Package textcomp Info: Setting uag sub-encoding to TS1/5 on input line 298.
Package textcomp Info: Setting ugq sub-encoding to TS1/5 on input line 299.
Package textcomp Info: Setting ul8 sub-encoding to TS1/4 on input line 300.
Package textcomp Info: Setting ul9 sub-encoding to TS1/4 on input line 301.
Package textcomp Info: Setting augie sub-encoding to TS1/5 on input line 302.
Package textcomp Info: Setting dayrom sub-encoding to TS1/3 on input line 303.
Package textcomp Info: Setting dayroms sub-encoding to TS1/3 on input line 304.

Package textcomp Info: Setting pxr sub-encoding to TS1/0 on input line 305.
Package textcomp Info: Setting pxss sub-encoding to TS1/0 on input line 306.
Package textcomp Info: Setting pxtt sub-encoding to TS1/0 on input line 307.
Package textcomp Info: Setting txr sub-encoding to TS1/0 on input line 308.
Package textcomp Info: Setting txss sub-encoding to TS1/0 on input line 309.
Package textcomp Info: Setting txtt sub-encoding to TS1/0 on input line 310.
Package textcomp Info: Setting lmr sub-encoding to TS1/0 on input line 311.
Package textcomp Info: Setting lmdh sub-encoding to TS1/0 on input line 312.
Package textcomp Info: Setting lmss sub-encoding to TS1/0 on input line 313.
Package textcomp Info: Setting lmssq sub-encoding to TS1/0 on input line 314.
Package textcomp Info: Setting lmvtt sub-encoding to TS1/0 on input line 315.
Package textcomp Info: Setting qhv sub-encoding to TS1/0 on input line 316.
Package textcomp Info: Setting qag sub-encoding to TS1/0 on input line 317.
Package textcomp Info: Setting qbk sub-encoding to TS1/0 on input line 318.
Package textcomp Info: Setting qcr sub-encoding to TS1/0 on input line 319.
Package textcomp Info: Setting qcs sub-encoding to TS1/0 on input line 320.
Package textcomp Info: Setting qpl sub-encoding to TS1/0 on input line 321.
Package textcomp Info: Setting qtm sub-encoding to TS1/0 on input line 322.
Package textcomp Info: Setting qzc sub-encoding to TS1/0 on input line 323.
Package textcomp Info: Setting qhvc sub-encoding to TS1/0 on input line 324.
Package textcomp Info: Setting futs sub-encoding to TS1/4 on input line 325.
Package textcomp Info: Setting futx sub-encoding to TS1/4 on input line 326.
Package textcomp Info: Setting futj sub-encoding to TS1/4 on input line 327.
Package textcomp Info: Setting hlh sub-encoding to TS1/3 on input line 328.
Package textcomp Info: Setting hls sub-encoding to TS1/3 on input line 329.
Package textcomp Info: Setting hlst sub-encoding to TS1/3 on input line 330.
Package textcomp Info: Setting hlct sub-encoding to TS1/5 on input line 331.
Package textcomp Info: Setting hlx sub-encoding to TS1/5 on input line 332.
Package textcomp Info: Setting hlce sub-encoding to TS1/5 on input line 333.
Package textcomp Info: Setting hlcn sub-encoding to TS1/5 on input line 334.
Package textcomp Info: Setting hlcw sub-encoding to TS1/5 on input line 335.
Package textcomp Info: Setting hlcf sub-encoding to TS1/5 on input line 336.
Package textcomp Info: Setting pplx sub-encoding to TS1/3 on input line 337.
Package textcomp Info: Setting pplj sub-encoding to TS1/3 on input line 338.
Package textcomp Info: Setting ptmx sub-encoding to TS1/4 on input line 339.
Package textcomp Info: Setting ptmj sub-encoding to TS1/4 on input line 340.
)
(/usr/share/texlive/texmf-dist/tex/latex/fancybox/fancybox.sty
Package: fancybox 2010/05/15 1.4

Style option: `fancybox' v1.4 <2010/05/15> (tvz)
\@fancybox=\box30
\shadowsize=\dimen105
\@Sbox=\box31
\do@VerbBox=\toks18
\the@fancyput=\toks19
\this@fancyput=\toks20
\EndVerbatimTokens=\toks21
\Verbatim@Outfile=\write3
\Verbatim@Infile=\read1
) (/usr/share/texlive/texmf-dist/tex/latex/titlesec/titlesec.sty
Package: titlesec 2011/12/15 v2.10.0 Sectioning titles
\ttl@box=\box32
\beforetitleunit=\skip63
\aftertitleunit=\skip64
\ttl@plus=\dimen106
\ttl@minus=\dimen107
\ttl@toksa=\toks22
\titlewidth=\dimen108
\titlewidthlast=\dimen109
\titlewidthfirst=\dimen110
)
(./tabulary.sty
Package: tabulary 2008/12/01 v0.9 tabulary package (DPC)
 (/usr/share/texlive/texmf-dist/tex/latex/tools/array.sty
Package: array 2008/09/09 v2.4c Tabular extension package (FMi)
\col@sep=\dimen111
\extrarowheight=\dimen112
\NC@list=\toks23
\extratabsurround=\skip65
\backup@length=\skip66
)
\TY@count=\count96
\TY@linewidth=\dimen113
\tymin=\dimen114
\tymax=\dimen115
\TY@tablewidth=\dimen116
)
(/usr/share/texlive/texmf-dist/tex/latex/amsmath/amsmath.sty
Package: amsmath 2000/07/18 v2.13 AMS math features
\@mathmargin=\skip67

For additional information on amsmath, use the `?' option.
(/usr/share/texlive/texmf-dist/tex/latex/amsmath/amstext.sty
Package: amstext 2000/06/29 v2.01

(/usr/share/texlive/texmf-dist/tex/latex/amsmath/amsgen.sty
File: amsgen.sty 1999/11/30 v2.0
\@emptytoks=\toks24
\ex@=\dimen117
))
(/usr/share/texlive/texmf-dist/tex/latex/amsmath/amsbsy.sty
Package: amsbsy 1999/11/29 v1.2d
\pmbraise@=\dimen118
)
(/usr/share/texlive/texmf-dist/tex/latex/amsmath/amsopn.sty
Package: amsopn 1999/12/14 v2.01 operator names
)
\inf@bad=\count97
LaTeX Info: Redefining \frac on input line 211.
\uproot@=\count98
\leftroot@=\count99
LaTeX Info: Redefining \overline on input line 307.
\classnum@=\count100
\DOTSCASE@=\count101
LaTeX Info: Redefining \ldots on input line 379.
LaTeX Info: Redefining \dots on input line 382.
LaTeX Info: Redefining \cdots on input line 467.
\Mathstrutbox@=\box33
\strutbox@=\box34
\big@size=\dimen119
LaTeX Font Info:    Redeclaring font encoding OML on input line 567.
LaTeX Font Info:    Redeclaring font encoding OMS on input line 568.
\macc@depth=\count102
\c@MaxMatrixCols=\count103
\dotsspace@=\muskip10
\c@parentequation=\count104
\dspbrk@lvl=\count105
\tag@help=\toks25
\row@=\count106
\column@=\count107
\maxfields@=\count108
\andhelp@=\toks26
\eqnshift@=\dimen120
\alignsep@=\dimen121
\tagshift@=\dimen122
\tagwidth@=\dimen123
\totwidth@=\dimen124
\lineht@=\dimen125
\@envbody=\toks27
\multlinegap=\skip68
\multlinetaggap=\skip69
\mathdisplay@stack=\toks28
LaTeX Info: Redefining \[ on input line 2666.
LaTeX Info: Redefining \] on input line 2667.
)
(/usr/share/texlive/texmf-dist/tex/latex/base/makeidx.sty
Package: makeidx 2000/03/29 v1.0m Standard LaTeX package
)
(/usr/share/texlive/texmf-dist/tex/latex/framed/framed.sty
Package: framed 2011/10/22 v 0.96: framed or shaded text with page breaks
\OuterFrameSep=\skip70
\fb@frw=\dimen126
\fb@frh=\dimen127
\FrameRule=\dimen128
\FrameSep=\dimen129
)
(/usr/share/texlive/texmf-dist/tex/latex/base/ifthen.sty
Package: ifthen 2001/05/26 v1.1c Standard LaTeX ifthen package (DPC)
)
(/usr/share/texlive/texmf-dist/tex/latex/graphics/color.sty
Package: color 2005/11/14 v1.0j Standard LaTeX Color (DPC)

(/usr/share/texlive/texmf-dist/tex/latex/latexconfig/color.cfg
File: color.cfg 2007/01/18 v1.5 color configuration of teTeX/TeXLive
)
Package color Info: Driver file: pdftex.def on input line 130.

(/usr/share/texlive/texmf-dist/tex/latex/pdftex-def/pdftex.def
File: pdftex.def 2011/05/27 v0.06d Graphics/color for pdfTeX

(/usr/share/texlive/texmf-dist/tex/generic/oberdiek/infwarerr.sty
Package: infwarerr 2010/04/08 v1.3 Providing info/warning/error messages (HO)
)
(/usr/share/texlive/texmf-dist/tex/generic/oberdiek/ltxcmds.sty
Package: ltxcmds 2011/11/09 v1.22 LaTeX kernel commands for general use (HO)
)
\Gread@gobject=\count109
))
(/usr/share/texlive/texmf-dist/tex/latex/fancyvrb/fancyvrb.sty
Package: fancyvrb 2008/02/07

Style option: `fancyvrb' v2.7a, with DG/SPQR fixes, and firstline=lastline fix 
<2008/02/07> (tvz) (/usr/share/texlive/texmf-dist/tex/latex/graphics/keyval.sty
Package: keyval 1999/03/16 v1.13 key=value parser (DPC)
\KV@toks@=\toks29
)
\FV@CodeLineNo=\count110
\FV@InFile=\read2
\FV@TabBox=\box35
\c@FancyVerbLine=\count111
\FV@StepNumber=\count112
\FV@OutFile=\write4
) (/usr/share/texlive/texmf-dist/tex/latex/threeparttable/threeparttable.sty
Package: threeparttable 2003/06/13  v 3.0
\@tempboxb=\box36
)
(/usr/share/texlive/texmf-dist/tex/latex/mdwtools/footnote.sty
Package: footnote 1997/01/28 1.13 Save footnotes around boxes
\fn@notes=\box37
\fn@width=\dimen130
)
(/usr/share/texlive/texmf-dist/tex/latex/wrapfig/wrapfig.sty
\wrapoverhang=\dimen131
\WF@size=\dimen132
\c@WF@wrappedlines=\count113
\WF@box=\box38
\WF@everypar=\toks30
Package: wrapfig 2003/01/31  v 3.6
)
(/usr/share/texlive/texmf-dist/tex/latex/parskip/parskip.sty
Package: parskip 2001/04/09 non-zero parskip adjustments
)
(/usr/share/texlive/texmf-dist/tex/latex/base/alltt.sty
Package: alltt 1997/06/16 v2.0g defines alltt environment
)
(/usr/share/texlive/texmf-dist/tex/latex/graphics/graphicx.sty
Package: graphicx 1999/02/16 v1.0f Enhanced LaTeX Graphics (DPC,SPQR)

(/usr/share/texlive/texmf-dist/tex/latex/graphics/graphics.sty
Package: graphics 2009/02/05 v1.0o Standard LaTeX Graphics (DPC,SPQR)

(/usr/share/texlive/texmf-dist/tex/latex/graphics/trig.sty
Package: trig 1999/03/16 v1.09 sin cos tan (DPC)
)
(/usr/share/texlive/texmf-dist/tex/latex/latexconfig/graphics.cfg
File: graphics.cfg 2010/04/23 v1.9 graphics configuration of TeX Live
)
Package graphics Info: Driver file: pdftex.def on input line 91.
)
\Gin@req@height=\dimen133
\Gin@req@width=\dimen134
)
(/usr/share/texlive/texmf-dist/tex/plain/misc/pdfcolor.tex)
\distancetoright=\skip71
\py@argswidth=\skip72
\py@noticelength=\skip73
\lineblockindentation=\skip74
\image@box=\box39
\image@width=\dimen135

(/usr/share/texlive/texmf-dist/tex/latex/hyperref/hyperref.sty
Package: hyperref 2012/05/13 v6.82q Hypertext links for LaTeX

(/usr/share/texlive/texmf-dist/tex/generic/oberdiek/hobsub-hyperref.sty
Package: hobsub-hyperref 2012/05/28 v1.13 Bundle oberdiek, subset hyperref (HO)


(/usr/share/texlive/texmf-dist/tex/generic/oberdiek/hobsub-generic.sty
Package: hobsub-generic 2012/05/28 v1.13 Bundle oberdiek, subset generic (HO)
Package: hobsub 2012/05/28 v1.13 Construct package bundles (HO)
Package hobsub Info: Skipping package `infwarerr' (already loaded).
Package hobsub Info: Skipping package `ltxcmds' (already loaded).
Package: ifluatex 2010/03/01 v1.3 Provides the ifluatex switch (HO)
Package ifluatex Info: LuaTeX not detected.
Package: ifvtex 2010/03/01 v1.5 Detect VTeX and its facilities (HO)
Package ifvtex Info: VTeX not detected.
Package: intcalc 2007/09/27 v1.1 Expandable calculations with integers (HO)
Package: ifpdf 2011/01/30 v2.3 Provides the ifpdf switch (HO)
Package ifpdf Info: pdfTeX in PDF mode is detected.
Package: etexcmds 2011/02/16 v1.5 Avoid name clashes with e-TeX commands (HO)
Package etexcmds Info: Could not find \expanded.
(etexcmds)             That can mean that you are not using pdfTeX 1.50 or
(etexcmds)             that some package has redefined \expanded.
(etexcmds)             In the latter case, load this package earlier.
Package: kvsetkeys 2012/04/25 v1.16 Key value parser (HO)
Package: kvdefinekeys 2011/04/07 v1.3 Define keys (HO)
Package: pdftexcmds 2011/11/29 v0.20 Utility functions of pdfTeX for LuaTeX (HO
)
Package pdftexcmds Info: LuaTeX not detected.
Package pdftexcmds Info: \pdf@primitive is available.
Package pdftexcmds Info: \pdf@ifprimitive is available.
Package pdftexcmds Info: \pdfdraftmode found.
Package: pdfescape 2011/11/25 v1.13 Implements pdfTeX's escape features (HO)
Package: bigintcalc 2012/04/08 v1.3 Expandable calculations on big integers (HO
)
Package: bitset 2011/01/30 v1.1 Handle bit-vector datatype (HO)
Package: uniquecounter 2011/01/30 v1.2 Provide unlimited unique counter (HO)
)
Package hobsub Info: Skipping package `hobsub' (already loaded).
Package: letltxmacro 2010/09/02 v1.4 Let assignment for LaTeX macros (HO)
Package: hopatch 2012/05/28 v1.2 Wrapper for package hooks (HO)
Package: xcolor-patch 2011/01/30 xcolor patch
Package: atveryend 2011/06/30 v1.8 Hooks at the very end of document (HO)
Package atveryend Info: \enddocument detected (standard20110627).
Package: atbegshi 2011/10/05 v1.16 At begin shipout hook (HO)
Package: refcount 2011/10/16 v3.4 Data extraction from label references (HO)
Package: hycolor 2011/01/30 v1.7 Color options for hyperref/bookmark (HO)
)
(/usr/share/texlive/texmf-dist/tex/generic/ifxetex/ifxetex.sty
Package: ifxetex 2010/09/12 v0.6 Provides ifxetex conditional
)
(/usr/share/texlive/texmf-dist/tex/latex/oberdiek/kvoptions.sty
Package: kvoptions 2011/06/30 v3.11 Key value format for package options (HO)
)
\@linkdim=\dimen136
\Hy@linkcounter=\count114
\Hy@pagecounter=\count115

(/usr/share/texlive/texmf-dist/tex/latex/hyperref/pd1enc.def
File: pd1enc.def 2012/05/13 v6.82q Hyperref: PDFDocEncoding definition (HO)
Now handling font encoding PD1 ...
... no UTF-8 mapping file for font encoding PD1
)
\Hy@SavedSpaceFactor=\count116

(/usr/share/texlive/texmf-dist/tex/latex/latexconfig/hyperref.cfg
File: hyperref.cfg 2002/06/06 v1.2 hyperref configuration of TeXLive
)
Package hyperref Info: Option `colorlinks' set `true' on input line 3941.
Package hyperref Info: Option `breaklinks' set `true' on input line 3941.
Package hyperref Info: Hyper figures OFF on input line 4062.
Package hyperref Info: Link nesting OFF on input line 4067.
Package hyperref Info: Hyper index ON on input line 4070.
Package hyperref Info: Plain pages OFF on input line 4077.
Package hyperref Info: Backreferencing OFF on input line 4082.
Package hyperref Info: Implicit mode ON; LaTeX internals redefined.
Package hyperref Info: Bookmarks ON on input line 4300.
\c@Hy@tempcnt=\count117

(/usr/share/texlive/texmf-dist/tex/latex/url/url.sty
\Urlmuskip=\muskip11
Package: url 2006/04/12  ver 3.3  Verb mode for urls, etc.
)
LaTeX Info: Redefining \url on input line 4653.
\Fld@menulength=\count118
\Field@Width=\dimen137
\Fld@charsize=\dimen138
Package hyperref Info: Hyper figures OFF on input line 5773.
Package hyperref Info: Link nesting OFF on input line 5778.
Package hyperref Info: Hyper index ON on input line 5781.
Package hyperref Info: backreferencing OFF on input line 5788.
Package hyperref Info: Link coloring ON on input line 5791.
Package hyperref Info: Link coloring with OCG OFF on input line 5798.
Package hyperref Info: PDF/A mode OFF on input line 5803.
LaTeX Info: Redefining \ref on input line 5843.
LaTeX Info: Redefining \pageref on input line 5847.
\Hy@abspage=\count119
\c@Item=\count120
\c@Hfootnote=\count121
)

Package hyperref Message: Driver (autodetected): hpdftex.

(/usr/share/texlive/texmf-dist/tex/latex/hyperref/hpdftex.def
File: hpdftex.def 2012/05/13 v6.82q Hyperref driver for pdfTeX
\Fld@listcount=\count122
\c@bookmark@seq@number=\count123

(/usr/share/texlive/texmf-dist/tex/latex/oberdiek/rerunfilecheck.sty
Package: rerunfilecheck 2011/04/15 v1.7 Rerun checks for auxiliary files (HO)
Package uniquecounter Info: New unique counter `rerunfilecheck' on input line 2
82.
)
\Hy@SectionHShift=\skip75
)
(/usr/share/texlive/texmf-dist/tex/latex/oberdiek/hypcap.sty
Package: hypcap 2011/02/16 v1.11 Adjusting the anchors of captions (HO)
)
\DUlineblockindent=\skip76
)
(/usr/share/texlive/texmf-dist/tex/latex/multirow/multirow.sty
\bigstrutjot=\dimen139
)
\@indexfile=\write5
\openout5 = `Pysafet.idx'.


Writing index file Pysafet.idx
(./Pysafet.aux
LaTeX Info: Redefining \. on input line 21.
LaTeX Info: Redefining \% on input line 21.


LaTeX Warning: Label `_templates/Contenido6/Parte4:tercerpaso' multiply defined
.


LaTeX Warning: Label `_templates/Contenido6/Parte3:segundopaso' multiply define
d.


LaTeX Warning: Label `_templates/Contenido6/Parte3:tercerpaso' multiply defined
.

)
\openout1 = `Pysafet.aux'.

LaTeX Font Info:    Checking defaults for OML/cmm/m/it on input line 117.
LaTeX Font Info:    ... okay on input line 117.
LaTeX Font Info:    Checking defaults for T1/cmr/m/n on input line 117.
LaTeX Font Info:    ... okay on input line 117.
LaTeX Font Info:    Checking defaults for OT1/cmr/m/n on input line 117.
LaTeX Font Info:    ... okay on input line 117.
LaTeX Font Info:    Checking defaults for OMS/cmsy/m/n on input line 117.
LaTeX Font Info:    ... okay on input line 117.
LaTeX Font Info:    Checking defaults for OMX/cmex/m/n on input line 117.
LaTeX Font Info:    ... okay on input line 117.
LaTeX Font Info:    Checking defaults for U/cmr/m/n on input line 117.
LaTeX Font Info:    ... okay on input line 117.
LaTeX Font Info:    Checking defaults for TS1/cmr/m/n on input line 117.
LaTeX Font Info:    Try loading font information for TS1+cmr on input line 117.

 (/usr/share/texlive/texmf-dist/tex/latex/base/ts1cmr.fd
File: ts1cmr.fd 1999/05/25 v2.5h Standard LaTeX font definitions
)
LaTeX Font Info:    ... okay on input line 117.
LaTeX Font Info:    Checking defaults for PD1/pdf/m/n on input line 117.
LaTeX Font Info:    ... okay on input line 117.
LaTeX Font Info:    Try loading font information for T1+ptm on input line 117.

(/usr/share/texlive/texmf-dist/tex/latex/psnfss/t1ptm.fd
File: t1ptm.fd 2001/06/04 font definitions for T1/ptm.
)
LaTeX Info: Redefining \. on input line 117.
LaTeX Info: Redefining \% on input line 117.

(/usr/share/texlive/texmf-dist/tex/context/base/supp-pdf.mkii
[Loading MPS to PDF converter (version 2006.09.02).]
\scratchcounter=\count124
\scratchdimen=\dimen140
\scratchbox=\box40
\nofMPsegments=\count125
\nofMParguments=\count126
\everyMPshowfont=\toks31
\MPscratchCnt=\count127
\MPscratchDim=\dimen141
\MPnumerator=\count128
\makeMPintoPDFobject=\count129
\everyMPtoPDFconversion=\toks32
) (/usr/share/texlive/texmf-dist/tex/latex/oberdiek/epstopdf-base.sty
Package: epstopdf-base 2010/02/09 v2.5 Base part for package epstopdf

(/usr/share/texlive/texmf-dist/tex/latex/oberdiek/grfext.sty
Package: grfext 2010/08/19 v1.1 Manage graphics extensions (HO)
)
Package grfext Info: Graphics extension search list:
(grfext)             [.png,.pdf,.jpg,.mps,.jpeg,.jbig2,.jb2,.PNG,.PDF,.JPG,.JPE
G,.JBIG2,.JB2,.eps]
(grfext)             \AppendGraphicsExtensions on input line 452.

(/usr/share/texlive/texmf-dist/tex/latex/latexconfig/epstopdf-sys.cfg
File: epstopdf-sys.cfg 2010/07/13 v1.3 Configuration of (r)epstopdf for TeX Liv
e
))
\AtBeginShipoutBox=\box41
Package hyperref Info: Link coloring ON on input line 117.

(/usr/share/texlive/texmf-dist/tex/latex/hyperref/nameref.sty
Package: nameref 2010/04/30 v2.40 Cross-referencing by name of section

(/usr/share/texlive/texmf-dist/tex/generic/oberdiek/gettitlestring.sty
Package: gettitlestring 2010/12/03 v1.4 Cleanup title references (HO)
)
\c@section@level=\count130
)
LaTeX Info: Redefining \ref on input line 117.
LaTeX Info: Redefining \pageref on input line 117.
LaTeX Info: Redefining \nameref on input line 117.

(./Pysafet.out) (./Pysafet.out)
\@outlinefile=\write6
\openout6 = `Pysafet.out'.


Underfull \hbox (badness 10000) in paragraph at lines 120--120

 []

LaTeX Font Info:    Try loading font information for T1+phv on input line 120.
(/usr/share/texlive/texmf-dist/tex/latex/psnfss/t1phv.fd
File: t1phv.fd 2001/06/04 scalable font definitions for T1/phv.
)
LaTeX Font Info:    Font shape `T1/phv/bx/n' in size <24.88> not available
(Font)              Font shape `T1/phv/b/n' tried instead on input line 120.
LaTeX Font Info:    Font shape `T1/phv/m/it' in size <17.28> not available
(Font)              Font shape `T1/phv/m/sl' tried instead on input line 120.
LaTeX Font Info:    Font shape `T1/phv/bx/it' in size <17.28> not available
(Font)              Font shape `T1/phv/b/it' tried instead on input line 120.
LaTeX Font Info:    Font shape `T1/phv/b/it' in size <17.28> not available
(Font)              Font shape `T1/phv/b/sl' tried instead on input line 120.
LaTeX Font Info:    Font shape `T1/phv/bx/n' in size <17.28> not available
(Font)              Font shape `T1/phv/b/n' tried instead on input line 120.
<<ot1.cmap>><<oml.cmap>><<oms.cmap>><<omx.cmap>> [1

{/var/lib/texmf/fonts/map/pdftex/updmap/pdftex.map}] [2

] (./Pysafet.toc
LaTeX Info: Redefining \. on input line 1.
LaTeX Info: Redefining \% on input line 1.
LaTeX Font Info:    Font shape `T1/ptm/bx/n' in size <10.95> not available
(Font)              Font shape `T1/ptm/b/n' tried instead on input line 2.
LaTeX Font Info:    Try loading font information for TS1+ptm on input line 16.
 (/usr/share/texlive/texmf-dist/tex/latex/psnfss/ts1ptm.fd
File: ts1ptm.fd 2001/06/04 font definitions for TS1/ptm.
)
LaTeX Font Info:    Font shape `T1/phv/bx/n' in size <10.95> not available
(Font)              Font shape `T1/phv/b/n' tried instead on input line 24.
LaTeX Font Info:    Font shape `T1/phv/bx/sc' in size <10.95> not available
(Font)              Font shape `T1/phv/b/sc' tried instead on input line 24.
 [1

])
\tf@toc=\write7
\openout7 = `Pysafet.toc'.

 [2]

Package Fancyhdr Warning: \headheight is too small (12.0pt): 
 Make it at least 13.59999pt.
 We now make it that large for the rest of the document.
 This may cause the page layout to be inconsistent, however.

LaTeX Info: Redefining \. on input line 127.
LaTeX Info: Redefining \% on input line 127.
[1

]
LaTeX Info: Redefining \. on input line 127.
LaTeX Info: Redefining \% on input line 127.
 [2

]
Cap\'{\i }tulo 1.
LaTeX Font Info:    Font shape `T1/phv/bx/n' in size <14.4> not available
(Font)              Font shape `T1/phv/b/n' tried instead on input line 127.
LaTeX Font Info:    Font shape `T1/ptm/bx/n' in size <14.4> not available
(Font)              Font shape `T1/ptm/b/n' tried instead on input line 127.
LaTeX Font Info:    Font shape `T1/ptm/bx/n' in size <24.88> not available
(Font)              Font shape `T1/ptm/b/n' tried instead on input line 127.
[3]
LaTeX Info: Redefining \. on input line 165.
LaTeX Info: Redefining \% on input line 165.
 [4

]
Cap\'{\i }tulo 2.

Overfull \hbox (48.4339pt too wide) in paragraph at lines 181--182
[]
 []


Underfull \hbox (badness 10000) in paragraph at lines 181--182

 []

<Organizacion.png, id=274, 516.42938pt x 300.3722pt>
File: Organizacion.png Graphic file (type png)
 <use Organizacion.png>
Package pdftex.def Info: Organizacion.png used on input line 213.
(pdftex.def)             Requested size: 516.42812pt x 300.37144pt.
File: Organizacion.png Graphic file (type png)

<use Organizacion.png>
Package pdftex.def Info: Organizacion.png used on input line 213.
(pdftex.def)             Requested size: 325.87186pt x 189.54256pt.
 [5]
LaTeX Info: Redefining \. on input line 224.
LaTeX Info: Redefining \% on input line 224.
 [6 <./Organizacion.png>]
Cap\'{\i }tulo 3.
[7

]
LaTeX Info: Redefining \. on input line 243.
LaTeX Info: Redefining \% on input line 243.
 [8

]
Cap\'{\i }tulo 4.
<Diagrama_Pysafe.png, id=298, 804.00375pt x 229.60782pt>
File: Diagrama_Pysafe.png Graphic file (type png)

<use Diagrama_Pysafe.png>
Package pdftex.def Info: Diagrama_Pysafe.png used on input line 282.
(pdftex.def)             Requested size: 804.0018pt x 229.60725pt.
File: Diagrama_Pysafe.png Graphic file (type png)
 <use Diagrama_Pysafe.png>
Package pdftex.def Info: Diagrama_Pysafe.png used on input line 282.
(pdftex.def)             Requested size: 366.82483pt x 104.7555pt.

<Diagrama_Petrii.png, id=299, 922.19531pt x 262.73157pt>
File: Diagrama_Petrii.png Graphic file (type png)

<use Diagrama_Petrii.png>
Package pdftex.def Info: Diagrama_Petrii.png used on input line 296.
(pdftex.def)             Requested size: 922.19307pt x 262.73091pt.
File: Diagrama_Petrii.png Graphic file (type png)
 <use Diagrama_Petrii.png>
Package pdftex.def Info: Diagrama_Petrii.png used on input line 296.
(pdftex.def)             Requested size: 366.82483pt x 104.50545pt.
 [9 <./Diagrama_Pysafe.png>] <Caja_ahorro.png, id=305, 831.105pt x 284.56313pt>
File: Caja_ahorro.png Graphic file (type png)
 <use Caja_ahorro.png>
Package pdftex.def Info: Caja_ahorro.png used on input line 309.
(pdftex.def)             Requested size: 831.10297pt x 284.56242pt.
File: Caja_ahorro.png Graphic file (type png)

<use Caja_ahorro.png>
Package pdftex.def Info: Caja_ahorro.png used on input line 309.
(pdftex.def)             Requested size: 366.82483pt x 125.59894pt.
 <mundo.png, id=306, 542.025pt x 129.48375pt>
File: mundo.png Graphic file (type png)

<use mundo.png>
Package pdftex.def Info: mundo.png used on input line 320.
(pdftex.def)             Requested size: 542.02367pt x 129.48341pt.
File: mundo.png Graphic file (type png)
 <use mundo.png>
Package pdftex.def Info: mundo.png used on input line 320.
(pdftex.def)             Requested size: 366.82483pt x 87.63286pt.
LaTeX Info: Redefining \. on input line 330.
LaTeX Info: Redefining \% on input line 330.
 [10 <./Diagrama_Petrii.png> <./Caja_ahorro.png> <./mundo.png>]
Cap\'{\i }tulo 5.
[11

]
LaTeX Info: Redefining \. on input line 354.
LaTeX Info: Redefining \% on input line 354.
 [12

]
Cap\'{\i }tulo 6.
[13]
LaTeX Info: Redefining \. on input line 367.
LaTeX Info: Redefining \% on input line 367.
 [14

]
Cap\'{\i }tulo 7.
LaTeX Font Info:    Try loading font information for T1+pcr on input line 378.
(/usr/share/texlive/texmf-dist/tex/latex/psnfss/t1pcr.fd
File: t1pcr.fd 2001/06/04 font definitions for T1/pcr.
)
LaTeX Font Info:    Font shape `T1/pcr/m/it' in size <10> not available
(Font)              Font shape `T1/pcr/m/sl' tried instead on input line 393.

<Pysafet.png, id=333, 1419.3025pt x 640.3925pt>
File: Pysafet.png Graphic file (type png)
 <use Pysafet.png>
Package pdftex.def Info: Pysafet.png used on input line 412.
(pdftex.def)             Requested size: 1419.29904pt x 640.39093pt.
File: Pysafet.png Graphic file (type png)

<use Pysafet.png>
Package pdftex.def Info: Pysafet.png used on input line 412.
(pdftex.def)             Requested size: 469.755pt x 211.95555pt.
 [15 <./Pysafet.png (PNG copy)>]
LaTeX Font Info:    Font shape `T1/pcr/bx/n' in size <10> not available
(Font)              Font shape `T1/pcr/b/n' tried instead on input line 429.
LaTeX Info: Redefining \. on input line 459.
LaTeX Info: Redefining \% on input line 459.
 [16]
Cap\'{\i }tulo 8.
[17

]
LaTeX Info: Redefining \. on input line 462.
LaTeX Info: Redefining \% on input line 462.
 [18

]
Cap\'{\i }tulo 9.

Overfull \hbox (68.76721pt too wide) in paragraph at lines 491--492
[]
 []


Underfull \hbox (badness 10000) in paragraph at lines 491--492

 []


Overfull \hbox (69.01967pt too wide) in paragraph at lines 516--517
[]
 []


Underfull \hbox (badness 10000) in paragraph at lines 516--517

 []

[19]
Overfull \hbox (33.9689pt too wide) in paragraph at lines 558--559
[]
 []


Underfull \hbox (badness 10000) in paragraph at lines 558--559

 []


Overfull \hbox (57.46758pt too wide) in paragraph at lines 575--576
[]
 []


Underfull \hbox (badness 10000) in paragraph at lines 575--576

 []

LaTeX Info: Redefining \. on input line 601.
LaTeX Info: Redefining \% on input line 601.
[20]
Cap\'{\i }tulo 10.
LaTeX Font Info:    Try loading font information for TS1+phv on input line 604.

(/usr/share/texlive/texmf-dist/tex/latex/psnfss/ts1phv.fd
File: ts1phv.fd 2001/06/04 scalable font definitions for TS1/phv.
)
LaTeX Font Info:    Font shape `TS1/phv/bx/n' in size <14.4> not available
(Font)              Font shape `TS1/phv/b/n' tried instead on input line 604.

<download.png, id=362, 64.24pt x 64.24pt>
File: download.png Graphic file (type png)
 <use download.png>
Package pdftex.def Info: download.png used on input line 612.
(pdftex.def)             Requested size: 64.23984pt x 64.23984pt.
File: download.png Graphic file (type png)

<use download.png>
Package pdftex.def Info: download.png used on input line 612.
(pdftex.def)             Requested size: 64.23984pt x 64.23984pt.
 [21

 <./download.png>]
LaTeX Info: Redefining \. on input line 717.
LaTeX Info: Redefining \% on input line 717.
 [22]
Cap\'{\i }tulo 11.
<listasafet.png, id=374, 672.26157pt x 529.22719pt>
File: listasafet.png Graphic file (type png)
 <use listasafet.png>
Package pdftex.def Info: listasafet.png used on input line 731.
(pdftex.def)             Requested size: 672.25992pt x 529.22589pt.
File: listasafet.png Graphic file (type png)

<use listasafet.png>
Package pdftex.def Info: listasafet.png used on input line 731.
(pdftex.def)             Requested size: 469.755pt x 369.81047pt.
 <input.png, id=375, 1068.24094pt x 288.3272pt>
File: input.png Graphic file (type png)

<use input.png>
Package pdftex.def Info: input.png used on input line 744.
(pdftex.def)             Requested size: 1068.23833pt x 288.32648pt.
File: input.png Graphic file (type png)
 <use input.png>
Package pdftex.def Info: input.png used on input line 744.
(pdftex.def)             Requested size: 469.755pt x 126.78955pt.
 [23

 <./listasafet.png>]
LaTeX Info: Redefining \. on input line 754.
LaTeX Info: Redefining \% on input line 754.
 [24 <./input.png>]
Cap\'{\i }tulo 12.
[25

]
LaTeX Info: Redefining \. on input line 881.
LaTeX Info: Redefining \% on input line 881.
 [26] [27]
LaTeX Info: Redefining \. on input line 974.
LaTeX Info: Redefining \% on input line 974.
 [28]
Cap\'{\i }tulo 13.
[29

]
LaTeX Info: Redefining \. on input line 1099.
LaTeX Info: Redefining \% on input line 1099.
 [30] [31]
LaTeX Info: Redefining \. on input line 1231.
LaTeX Info: Redefining \% on input line 1231.
 [32] [33]
LaTeX Info: Redefining \. on input line 1353.
LaTeX Info: Redefining \% on input line 1353.
 [34] [35]
LaTeX Info: Redefining \. on input line 1513.
LaTeX Info: Redefining \% on input line 1513.
 [36] [37]
LaTeX Info: Redefining \. on input line 1519.
LaTeX Info: Redefining \% on input line 1519.
 [38

]
Cap\'{\i }tulo 14.
[39]
Overfull \hbox (444.32791pt too wide) in paragraph at lines 1593--1595
[]
 []


Overfull \hbox (194.47348pt too wide) in paragraph at lines 1605--1607
[]
 []


Overfull \hbox (26.8076pt too wide) in paragraph at lines 1611--1613
[]
 []


Overfull \hbox (59.46077pt too wide) in paragraph at lines 1617--1619
[]
 []

LaTeX Info: Redefining \. on input line 1665.
LaTeX Info: Redefining \% on input line 1665.
[40] [41]
Overfull \hbox (72.08614pt too wide) in paragraph at lines 1745--1747
[]
 []


Overfull \hbox (46.5181pt too wide) in paragraph at lines 1763--1765
[]
 []


Overfull \hbox (87.0765pt too wide) in paragraph at lines 1805--1807
[]
 []


Underfull \hbox (badness 10000) in paragraph at lines 1811--1813
[]\T1/ptm/m/n/10.95 Escribe en el ``log'' de sa-fet \T1/ptm/b/n/10.95 <HO-
 []


Overfull \hbox (44.18562pt too wide) in paragraph at lines 1817--1819
[]
 []

LaTeX Info: Redefining \. on input line 1836.
LaTeX Info: Redefining \% on input line 1836.
[42]
Overfull \hbox (1.89732pt too wide) in paragraph at lines 1841--1843
[]
 []


Overfull \hbox (97.93822pt too wide) in paragraph at lines 1883--1885
[]
 []


Overfull \hbox (172.37552pt too wide) in paragraph at lines 1913--1915
[]
 []

[43]
Underfull \hbox (badness 10000) in paragraph at lines 1937--1939
[]\T1/ptm/m/n/10.95 Ejecuta una
 []


Overfull \hbox (62.7236pt too wide) in paragraph at lines 1961--1963
[]
 []

LaTeX Info: Redefining \. on input line 1970.
LaTeX Info: Redefining \% on input line 1970.
[44]
Cap\'{\i }tulo 15.
[45

]
LaTeX Info: Redefining \. on input line 1992.
LaTeX Info: Redefining \% on input line 1992.
 [46

]
Cap\'{\i }tulo 16.

Underfull \hbox (badness 10000) in paragraph at lines 2012--2014
[]\T1/ptm/m/n/10.95 Nmero de
 []


Underfull \hbox (badness 10000) in paragraph at lines 2036--2038
[]\T1/ptm/m/n/10.95 Atributo del ar-chi-vo
 []


Overfull \hbox (56.17455pt too wide) in paragraph at lines 2048--2050
[]
 []


Overfull \hbox (307.5624pt too wide) in paragraph at lines 2054--2056
[]
 []

[47]
Underfull \hbox (badness 10000) in paragraph at lines 2127--2129
[]\T1/ptm/m/n/10.95 Descifra (de-cen-crip-ta)
 []

LaTeX Info: Redefining \. on input line 2189.
LaTeX Info: Redefining \% on input line 2189.
[48] [49]
LaTeX Info: Redefining \. on input line 2255.
LaTeX Info: Redefining \% on input line 2255.
 [50

]
Cap\'{\i }tulo 17.
[51]
LaTeX Info: Redefining \. on input line 2333.
LaTeX Info: Redefining \% on input line 2333.
 [52]
Cap\'{\i }tulo 18.
[53

]
LaTeX Info: Redefining \. on input line 2371.
LaTeX Info: Redefining \% on input line 2371.
 [54

]
Cap\'{\i }tulo 19.
[55]
LaTeX Info: Redefining \. on input line 2399.
LaTeX Info: Redefining \% on input line 2399.
 [56

]
Cap\'{\i }tulo 20.
<sqlite_manager.png, id=650, 600.74437pt x 253.69781pt>
File: sqlite_manager.png Graphic file (type png)

<use sqlite_manager.png>
Package pdftex.def Info: sqlite_manager.png used on input line 2418.
(pdftex.def)             Requested size: 600.7429pt x 253.69719pt.
File: sqlite_manager.png Graphic file (type png)
 <use sqlite_manager.png>
Package pdftex.def Info: sqlite_manager.png used on input line 2418.
(pdftex.def)             Requested size: 349.96188pt x 147.79517pt.

<buscar.png, id=651, 814.54312pt x 365.86688pt>
File: buscar.png Graphic file (type png)
 <use buscar.png>
Package pdftex.def Info: buscar.png used on input line 2440.
(pdftex.def)             Requested size: 814.54112pt x 365.86598pt.
File: buscar.png Graphic file (type png)

<use buscar.png>
Package pdftex.def Info: buscar.png used on input line 2440.
(pdftex.def)             Requested size: 349.96188pt x 157.19128pt.
 [57 <./sqlite_manager.png>]
<buscar2.png, id=664, 626.34pt x 510.40688pt>
File: buscar2.png Graphic file (type png)
 <use buscar2.png>
Package pdftex.def Info: buscar2.png used on input line 2452.
(pdftex.def)             Requested size: 626.33846pt x 510.40562pt.
File: buscar2.png Graphic file (type png)

<use buscar2.png>
Package pdftex.def Info: buscar2.png used on input line 2452.
(pdftex.def)             Requested size: 349.96188pt x 285.19505pt.
 <buscar1.png, id=665, 466.74374pt x 383.18156pt>
File: buscar1.png Graphic file (type png)

<use buscar1.png>
Package pdftex.def Info: buscar1.png used on input line 2471.
(pdftex.def)             Requested size: 466.7426pt x 383.18062pt.
File: buscar1.png Graphic file (type png)
 <use buscar1.png>
Package pdftex.def Info: buscar1.png used on input line 2471.
(pdftex.def)             Requested size: 349.96188pt x 287.32114pt.
LaTeX Info: Redefining \. on input line 2473.
LaTeX Info: Redefining \% on input line 2473.
 [58 <./buscar.png> <./buscar2.png>]
<basedb1.png, id=674, 467.49657pt x 380.17032pt>
File: basedb1.png Graphic file (type png)
 <use basedb1.png>
Package pdftex.def Info: basedb1.png used on input line 2483.
(pdftex.def)             Requested size: 467.49542pt x 380.16939pt.
File: basedb1.png Graphic file (type png)

<use basedb1.png>
Package pdftex.def Info: basedb1.png used on input line 2483.
(pdftex.def)             Requested size: 349.96188pt x 284.60495pt.
 [59 <./buscar1.png> <./basedb1.png>]
<buscar3.png, id=680, 621.07031pt x 506.6428pt>
File: buscar3.png Graphic file (type png)
 <use buscar3.png>
Package pdftex.def Info: buscar3.png used on input line 2498.
(pdftex.def)             Requested size: 621.06879pt x 506.64157pt.
File: buscar3.png Graphic file (type png)

<use buscar3.png>
Package pdftex.def Info: buscar3.png used on input line 2498.
(pdftex.def)             Requested size: 349.96188pt x 285.48064pt.
 <tabla.png, id=681, 469.00218pt x 383.93437pt>
File: tabla.png Graphic file (type png)

<use tabla.png>
Package pdftex.def Info: tabla.png used on input line 2520.
(pdftex.def)             Requested size: 469.00104pt x 383.93343pt.
File: tabla.png Graphic file (type png)
 <use tabla.png>
Package pdftex.def Info: tabla.png used on input line 2520.
(pdftex.def)             Requested size: 309.11833pt x 253.04596pt.
LaTeX Info: Redefining \. on input line 2522.
LaTeX Info: Redefining \% on input line 2522.
 [60 <./buscar3.png>]
<tabla1.png, id=690, 608.2725pt x 504.38437pt>
File: tabla1.png Graphic file (type png)
 <use tabla1.png>
Package pdftex.def Info: tabla1.png used on input line 2532.
(pdftex.def)             Requested size: 608.27103pt x 504.38313pt.
File: tabla1.png Graphic file (type png)

<use tabla1.png>
Package pdftex.def Info: tabla1.png used on input line 2532.
(pdftex.def)             Requested size: 309.11833pt x 256.33215pt.
 <tabla2.png, id=691, 610.53094pt x 365.86688pt>
File: tabla2.png Graphic file (type png)

<use tabla2.png>
Package pdftex.def Info: tabla2.png used on input line 2547.
(pdftex.def)             Requested size: 610.52945pt x 365.86598pt.
File: tabla2.png Graphic file (type png)
 <use tabla2.png>
Package pdftex.def Info: tabla2.png used on input line 2547.
(pdftex.def)             Requested size: 309.11833pt x 185.24979pt.
 [61 <./tabla.png> <./tabla1.png>]
<tabla3.png, id=699, 624.08156pt x 508.90125pt>
File: tabla3.png Graphic file (type png)
 <use tabla3.png>
Package pdftex.def Info: tabla3.png used on input line 2562.
(pdftex.def)             Requested size: 624.08003pt x 508.90001pt.
File: tabla3.png Graphic file (type png)

<use tabla3.png>
Package pdftex.def Info: tabla3.png used on input line 2562.
(pdftex.def)             Requested size: 309.11833pt x 252.07385pt.
 <tabla5.png, id=700, 609.02531pt x 371.13657pt>
File: tabla5.png Graphic file (type png)

<use tabla5.png>
Package pdftex.def Info: tabla5.png used on input line 2580.
(pdftex.def)             Requested size: 609.02382pt x 371.13565pt.
File: tabla5.png Graphic file (type png)
 <use tabla5.png>
Package pdftex.def Info: tabla5.png used on input line 2580.
(pdftex.def)             Requested size: 309.11833pt x 188.37671pt.
LaTeX Info: Redefining \. on input line 2582.
LaTeX Info: Redefining \% on input line 2582.
 [62 <./tabla2.png> <./tabla3.png>]
<producto.png, id=708, 886.81313pt x 508.90125pt>
File: producto.png Graphic file (type png)
 <use producto.png>
Package pdftex.def Info: producto.png used on input line 2597.
(pdftex.def)             Requested size: 886.81096pt x 508.90001pt.
File: producto.png Graphic file (type png)

<use producto.png>
Package pdftex.def Info: producto.png used on input line 2597.
(pdftex.def)             Requested size: 349.96188pt x 200.8313pt.
 <producto1.png, id=709, 889.82437pt x 507.39563pt>
File: producto1.png Graphic file (type png)

<use producto1.png>
Package pdftex.def Info: producto1.png used on input line 2609.
(pdftex.def)             Requested size: 889.8222pt x 507.3944pt.
File: producto1.png Graphic file (type png)
 <use producto1.png>
Package pdftex.def Info: producto1.png used on input line 2609.
(pdftex.def)             Requested size: 349.96188pt x 199.55582pt.
 [63 <./tabla5.png> <./producto.png>]
<download1.png, id=717, 64.24pt x 64.24pt>
File: download1.png Graphic file (type png)
 <use download1.png>
Package pdftex.def Info: download1.png used on input line 2638.
(pdftex.def)             Requested size: 64.23984pt x 64.23984pt.
File: download1.png Graphic file (type png)

<use download1.png>
Package pdftex.def Info: download1.png used on input line 2638.
(pdftex.def)             Requested size: 64.23984pt x 64.23984pt.
LaTeX Info: Redefining \. on input line 2645.
LaTeX Info: Redefining \% on input line 2645.
 [64 <./producto1.png> <./download1.png>]
Cap\'{\i }tulo 21.
LaTeX Font Info:    Font shape `T1/phv/bx/n' in size <12> not available
(Font)              Font shape `T1/phv/b/n' tried instead on input line 2657.

Overfull \vbox (0.95856pt too high) detected at line 2710
 []

[65

]
LaTeX Info: Redefining \. on input line 2781.
LaTeX Info: Redefining \% on input line 2781.
 [66]
LaTeX Info: Redefining \. on input line 2859.
LaTeX Info: Redefining \% on input line 2859.
LaTeX Font Info:    Font shape `TS1/phv/bx/n' in size <10.95> not available
(Font)              Font shape `TS1/phv/b/n' tried instead on input line 2859.
 [67]
Overfull \hbox (109.67665pt too wide) in paragraph at lines 2862--2863
[]
 []

<insertar1.png, id=738, 886.06032pt x 257.46187pt>
File: insertar1.png Graphic file (type png)
 <use insertar1.png>
Package pdftex.def Info: insertar1.png used on input line 2873.
(pdftex.def)             Requested size: 886.05817pt x 257.46123pt.
File: insertar1.png Graphic file (type png)

<use insertar1.png>
Package pdftex.def Info: insertar1.png used on input line 2873.
(pdftex.def)             Requested size: 349.96188pt x 101.69041pt.
 <lista_producto3.png, id=739, 886.81313pt x 503.63156pt>
File: lista_producto3.png Graphic file (type png)

<use lista_producto3.png>
Package pdftex.def Info: lista_producto3.png used on input line 2888.
(pdftex.def)             Requested size: 886.81096pt x 503.63033pt.
File: lista_producto3.png Graphic file (type png)
 <use lista_producto3.png>
Package pdftex.def Info: lista_producto3.png used on input line 2888.
(pdftex.def)             Requested size: 469.755pt x 266.78513pt.

<lista_producto4.png, id=740, 886.06032pt x 509.65407pt>
File: lista_producto4.png Graphic file (type png)

<use lista_producto4.png>
Package pdftex.def Info: lista_producto4.png used on input line 2892.
(pdftex.def)             Requested size: 886.05817pt x 509.65282pt.
File: lista_producto4.png Graphic file (type png)
 <use lista_producto4.png>
Package pdftex.def Info: lista_producto4.png used on input line 2892.
(pdftex.def)             Requested size: 390.91486pt x 224.85506pt.
LaTeX Info: Redefining \. on input line 2893.
LaTeX Info: Redefining \% on input line 2893.
 [68 <./insertar1.png>]
LaTeX Info: Redefining \. on input line 2933.
LaTeX Info: Redefining \% on input line 2933.

[69 <./lista_producto3.png> <./lista_producto4.png>]
LaTeX Info: Redefining \. on input line 3011.
LaTeX Info: Redefining \% on input line 3011.
 [70]
<Eliminar.png, id=757, 942.52126pt x 265.74281pt>
File: Eliminar.png Graphic file (type png)
 <use Eliminar.png>
Package pdftex.def Info: Eliminar.png used on input line 3021.
(pdftex.def)             Requested size: 942.51897pt x 265.74216pt.
File: Eliminar.png Graphic file (type png)

<use Eliminar.png>
Package pdftex.def Info: Eliminar.png used on input line 3021.
(pdftex.def)             Requested size: 366.82483pt x 103.42436pt.
 <Eliminar1.png, id=759, 883.80188pt x 506.6428pt>
File: Eliminar1.png Graphic file (type png)

<use Eliminar1.png>
Package pdftex.def Info: Eliminar1.png used on input line 3036.
(pdftex.def)             Requested size: 883.79973pt x 506.64157pt.
File: Eliminar1.png Graphic file (type png)
 <use Eliminar1.png>
Package pdftex.def Info: Eliminar1.png used on input line 3036.
(pdftex.def)             Requested size: 469.755pt x 269.29248pt.
LaTeX Info: Redefining \. on input line 3042.
LaTeX Info: Redefining \% on input line 3042.
 [71 <./Eliminar.png>]
<Eliminar2.png, id=766, 884.55469pt x 506.6428pt>
File: Eliminar2.png Graphic file (type png)
 <use Eliminar2.png>
Package pdftex.def Info: Eliminar2.png used on input line 3047.
(pdftex.def)             Requested size: 884.55254pt x 506.64157pt.
File: Eliminar2.png Graphic file (type png)

<use Eliminar2.png>
Package pdftex.def Info: Eliminar2.png used on input line 3047.
(pdftex.def)             Requested size: 469.755pt x 269.06056pt.
LaTeX Info: Redefining \. on input line 3085.
LaTeX Info: Redefining \% on input line 3085.
 [72 <./Eliminar1.png>]
LaTeX Info: Redefining \. on input line 3163.
LaTeX Info: Redefining \% on input line 3163.
 [73 <./Eliminar2.png>]
<Modificar.png, id=778, 519.44063pt x 185.19188pt>
File: Modificar.png Graphic file (type png)
 <use Modificar.png>
Package pdftex.def Info: Modificar.png used on input line 3173.
(pdftex.def)             Requested size: 519.43936pt x 185.1914pt.
File: Modificar.png Graphic file (type png)

<use Modificar.png>
Package pdftex.def Info: Modificar.png used on input line 3173.
(pdftex.def)             Requested size: 366.82483pt x 130.78069pt.
LaTeX Info: Redefining \. on input line 3174.
LaTeX Info: Redefining \% on input line 3174.
 [74] <Modificar1.png, id=784, 883.80188pt x 509.65407pt>
File: Modificar1.png Graphic file (type png)

<use Modificar1.png>
Package pdftex.def Info: Modificar1.png used on input line 3188.
(pdftex.def)             Requested size: 883.79973pt x 509.65282pt.
File: Modificar1.png Graphic file (type png)
 <use Modificar1.png>
Package pdftex.def Info: Modificar1.png used on input line 3188.
(pdftex.def)             Requested size: 469.755pt x 270.89304pt.
LaTeX Info: Redefining \. on input line 3244.
LaTeX Info: Redefining \% on input line 3244.
 [75 <./Modificar.png> <./Modificar1.png>]
LaTeX Info: Redefining \. on input line 3328.
LaTeX Info: Redefining \% on input line 3328.
 [76]
Underfull \vbox (badness 10000) detected at line 3328
 []


Underfull \vbox (badness 10000) detected at line 3328
 []

LaTeX Info: Redefining \. on input line 3328.
LaTeX Info: Redefining \% on input line 3328.
[77] <Actualizar.png, id=800, 572.1375pt x 147.55125pt>
File: Actualizar.png Graphic file (type png)
 <use Actualizar.png>
Package pdftex.def Info: Actualizar.png used on input line 3338.
(pdftex.def)             Requested size: 572.1361pt x 147.55087pt.
File: Actualizar.png Graphic file (type png)

<use Actualizar.png>
Package pdftex.def Info: Actualizar.png used on input line 3338.
(pdftex.def)             Requested size: 366.82483pt x 94.60358pt.
 <Actualizar1.png, id=802, 884.55469pt x 509.65407pt>
File: Actualizar1.png Graphic file (type png)

<use Actualizar1.png>
Package pdftex.def Info: Actualizar1.png used on input line 3353.
(pdftex.def)             Requested size: 884.55254pt x 509.65282pt.
File: Actualizar1.png Graphic file (type png)
 <use Actualizar1.png>
Package pdftex.def Info: Actualizar1.png used on input line 3353.
(pdftex.def)             Requested size: 469.755pt x 270.65973pt.

<Actualizar2.png, id=804, 885.3075pt x 510.40688pt>
File: Actualizar2.png Graphic file (type png)
 <use Actualizar2.png>
Package pdftex.def Info: Actualizar2.png used on input line 3364.
(pdftex.def)             Requested size: 885.30533pt x 510.40562pt.
File: Actualizar2.png Graphic file (type png)

<use Actualizar2.png>
Package pdftex.def Info: Actualizar2.png used on input line 3364.
(pdftex.def)             Requested size: 469.755pt x 270.83366pt.
LaTeX Info: Redefining \. on input line 3371.
LaTeX Info: Redefining \% on input line 3371.
 [78 <./Actualizar.png> <./Actualizar1.png>]
File: download1.png Graphic file (type png)

<use download1.png>
Package pdftex.def Info: download1.png used on input line 3383.
(pdftex.def)             Requested size: 64.23984pt x 64.23984pt.
File: download1.png Graphic file (type png)
 <use download1.png>
Package pdftex.def Info: download1.png used on input line 3383.
(pdftex.def)             Requested size: 64.23984pt x 64.23984pt.
File: download1.png Graphic file (type png)
 <use download1.png>
Package pdftex.def Info: download1.png used on input line 3394.
(pdftex.def)             Requested size: 64.23984pt x 64.23984pt.
File: download1.png Graphic file (type png)

<use download1.png>
Package pdftex.def Info: download1.png used on input line 3394.
(pdftex.def)             Requested size: 64.23984pt x 64.23984pt.
LaTeX Info: Redefining \. on input line 3403.
LaTeX Info: Redefining \% on input line 3403.
 [79 <./Actualizar2.png>]
LaTeX Info: Redefining \. on input line 3403.
LaTeX Info: Redefining \% on input line 3403.
 [80

]
Cap\'{\i }tulo 22.
[81]
LaTeX Info: Redefining \. on input line 3518.
LaTeX Info: Redefining \% on input line 3518.
 [82]
LaTeX Info: Redefining \. on input line 3622.
LaTeX Info: Redefining \% on input line 3622.
 [83]
LaTeX Info: Redefining \. on input line 3667.
LaTeX Info: Redefining \% on input line 3667.
 [84] <grafo_inflow.png, id=846, 255.95625pt x 237.13594pt>
File: grafo_inflow.png Graphic file (type png)

<use grafo_inflow.png>
Package pdftex.def Info: grafo_inflow.png used on input line 3703.
(pdftex.def)             Requested size: 255.95561pt x 237.13535pt.
File: grafo_inflow.png Graphic file (type png)
 <use grafo_inflow.png>
Package pdftex.def Info: grafo_inflow.png used on input line 3703.
(pdftex.def)             Requested size: 255.95561pt x 237.13535pt.
LaTeX Info: Redefining \. on input line 3723.
LaTeX Info: Redefining \% on input line 3723.
 [85 <./grafo_inflow.png>]
LaTeX Info: Redefining \. on input line 3798.
LaTeX Info: Redefining \% on input line 3798.

[86]
LaTeX Info: Redefining \. on input line 3857.
LaTeX Info: Redefining \% on input line 3857.
 [87] <grafo_inflow1.png, id=866, 233.37187pt x 466.74374pt>
File: grafo_inflow1.png Graphic file (type png)

<use grafo_inflow1.png>
Package pdftex.def Info: grafo_inflow1.png used on input line 3880.
(pdftex.def)             Requested size: 233.37129pt x 466.7426pt.
File: grafo_inflow1.png Graphic file (type png)
 <use grafo_inflow1.png>
Package pdftex.def Info: grafo_inflow1.png used on input line 3880.
(pdftex.def)             Requested size: 233.37129pt x 466.7426pt.
LaTeX Info: Redefining \. on input line 3882.
LaTeX Info: Redefining \% on input line 3882.
 [88 <./grafo_inflow1.png>]
LaTeX Info: Redefining \. on input line 3985.
LaTeX Info: Redefining \% on input line 3985.

[89]
LaTeX Info: Redefining \. on input line 4017.
LaTeX Info: Redefining \% on input line 4017.
 [90] <grafo_inflow2.png, id=884, 163.3603pt x 417.81094pt>
File: grafo_inflow2.png Graphic file (type png)

<use grafo_inflow2.png>
Package pdftex.def Info: grafo_inflow2.png used on input line 4068.
(pdftex.def)             Requested size: 163.3599pt x 417.80992pt.
File: grafo_inflow2.png Graphic file (type png)
 <use grafo_inflow2.png>
Package pdftex.def Info: grafo_inflow2.png used on input line 4068.
(pdftex.def)             Requested size: 163.3599pt x 417.80992pt.
LaTeX Info: Redefining \. on input line 4106.
LaTeX Info: Redefining \% on input line 4106.
 [91]
LaTeX Info: Redefining \. on input line 4106.
LaTeX Info: Redefining \% on input line 4106.
 [92 <./grafo_inflow2.png>]
LaTeX Info: Redefining \. on input line 4194.
LaTeX Info: Redefining \% on input line 4194.
[93]
Overfull \vbox (1.48857pt too high) detected at line 4227
 []

LaTeX Info: Redefining \. on input line 4227.
LaTeX Info: Redefining \% on input line 4227.
[94] <grafo_inflow3.png, id=907, 135.50626pt x 470.50781pt>
File: grafo_inflow3.png Graphic file (type png)

<use grafo_inflow3.png>
Package pdftex.def Info: grafo_inflow3.png used on input line 4278.
(pdftex.def)             Requested size: 135.5059pt x 470.50665pt.
File: grafo_inflow3.png Graphic file (type png)
 <use grafo_inflow3.png>
Package pdftex.def Info: grafo_inflow3.png used on input line 4278.
(pdftex.def)             Requested size: 135.5059pt x 470.50665pt.
LaTeX Info: Redefining \. on input line 4313.
LaTeX Info: Redefining \% on input line 4313.
 [95]
LaTeX Info: Redefining \. on input line 4313.
LaTeX Info: Redefining \% on input line 4313.
 [96 <./grafo_inflow3.png>]
LaTeX Info: Redefining \. on input line 4424.
LaTeX Info: Redefining \% on input line 4424.
[97]
LaTeX Info: Redefining \. on input line 4428.
LaTeX Info: Redefining \% on input line 4428.
 [98] <grafo_inflow4.png, id=929, 219.82124pt x 477.28313pt>
File: grafo_inflow4.png Graphic file (type png)

<use grafo_inflow4.png>
Package pdftex.def Info: grafo_inflow4.png used on input line 4509.
(pdftex.def)             Requested size: 219.8207pt x 477.28195pt.
File: grafo_inflow4.png Graphic file (type png)
 <use grafo_inflow4.png>
Package pdftex.def Info: grafo_inflow4.png used on input line 4509.
(pdftex.def)             Requested size: 219.8207pt x 477.28195pt.
LaTeX Info: Redefining \. on input line 4515.
LaTeX Info: Redefining \% on input line 4515.
 [99]
LaTeX Info: Redefining \. on input line 4515.
LaTeX Info: Redefining \% on input line 4515.
 [100 <./grafo_inflow4.png>]
LaTeX Info: Redefining \. on input line 4671.
LaTeX Info: Redefining \% on input line 4671.
 [101]
Underfull \vbox (badness 10000) detected at line 4671
 []


Underfull \vbox (badness 10000) detected at line 4671
 []

LaTeX Info: Redefining \. on input line 4671.
LaTeX Info: Redefining \% on input line 4671.
[102]
LaTeX Info: Redefining \. on input line 4691.
LaTeX Info: Redefining \% on input line 4691.
 [103] <grafo_inflow6.png, id=957, 185.94469pt x 454.69875pt>
File: grafo_inflow6.png Graphic file (type png)

<use grafo_inflow6.png>
Package pdftex.def Info: grafo_inflow6.png used on input line 4758.
(pdftex.def)             Requested size: 185.94421pt x 454.69763pt.
File: grafo_inflow6.png Graphic file (type png)
 <use grafo_inflow6.png>
Package pdftex.def Info: grafo_inflow6.png used on input line 4758.
(pdftex.def)             Requested size: 185.94421pt x 454.69763pt.
LaTeX Info: Redefining \. on input line 4781.
LaTeX Info: Redefining \% on input line 4781.
 [104]
LaTeX Info: Redefining \. on input line 4781.
LaTeX Info: Redefining \% on input line 4781.
 [105 <./grafo_inflow6.png>]
LaTeX Info: Redefining \. on input line 4943.
LaTeX Info: Redefining \% on input line 4943.
 [106]
Underfull \vbox (badness 10000) detected at line 4943
 []


Underfull \vbox (badness 10000) detected at line 4943
 []

LaTeX Info: Redefining \. on input line 4943.
LaTeX Info: Redefining \% on input line 4943.
[107]
LaTeX Info: Redefining \. on input line 4951.
LaTeX Info: Redefining \% on input line 4951.
 [108] <grafo_inflow7.png, id=984, 195.73125pt x 432.11438pt>
File: grafo_inflow7.png Graphic file (type png)

<use grafo_inflow7.png>
Package pdftex.def Info: grafo_inflow7.png used on input line 5027.
(pdftex.def)             Requested size: 195.73076pt x 432.11331pt.
File: grafo_inflow7.png Graphic file (type png)
 <use grafo_inflow7.png>
Package pdftex.def Info: grafo_inflow7.png used on input line 5027.
(pdftex.def)             Requested size: 195.73076pt x 432.11331pt.
LaTeX Info: Redefining \. on input line 5041.
LaTeX Info: Redefining \% on input line 5041.
 [109]
LaTeX Info: Redefining \. on input line 5041.
LaTeX Info: Redefining \% on input line 5041.
 [110 <./grafo_inflow7.png>]
File: download1.png Graphic file (type png)
 <use download1.png>
Package pdftex.def Info: download1.png used on input line 5063.
(pdftex.def)             Requested size: 64.23984pt x 64.23984pt.
File: download1.png Graphic file (type png)
 <use download1.png>
Package pdftex.def Info: download1.png used on input line 5063.
(pdftex.def)             Requested size: 64.23984pt x 64.23984pt.
LaTeX Info: Redefining \. on input line 5070.
LaTeX Info: Redefining \% on input line 5070.
 [111]
LaTeX Info: Redefining \. on input line 5070.
LaTeX Info: Redefining \% on input line 5070.
 [112

]
Cap\'{\i }tulo 23.
LaTeX Font Info:    Font shape `TS1/phv/bx/n' in size <12> not available
(Font)              Font shape `TS1/phv/b/n' tried instead on input line 5107.
[113]
LaTeX Info: Redefining \. on input line 5194.
LaTeX Info: Redefining \% on input line 5194.
 [114]
LaTeX Info: Redefining \. on input line 5268.
LaTeX Info: Redefining \% on input line 5268.
 [115]
LaTeX Info: Redefining \. on input line 5450.
LaTeX Info: Redefining \% on input line 5450.
 [116]
Underfull \vbox (badness 10000) detected at line 5450
 []


Underfull \vbox (badness 10000) detected at line 5450
 []

LaTeX Info: Redefining \. on input line 5450.
LaTeX Info: Redefining \% on input line 5450.
[117]
Underfull \vbox (badness 10000) detected at line 5450
 []


Underfull \vbox (badness 10000) detected at line 5450
 []

LaTeX Info: Redefining \. on input line 5450.
LaTeX Info: Redefining \% on input line 5450.
[118]
LaTeX Info: Redefining \. on input line 5495.
LaTeX Info: Redefining \% on input line 5495.
 [119]
LaTeX Info: Redefining \. on input line 5562.
LaTeX Info: Redefining \% on input line 5562.
 [120] <json.png, id=1047, 807.015pt x 264.99pt>
File: json.png Graphic file (type png)
 <use json.png>
Package pdftex.def Info: json.png used on input line 5570.
(pdftex.def)             Requested size: 807.01303pt x 264.98935pt.
File: json.png Graphic file (type png)

<use json.png>
Package pdftex.def Info: json.png used on input line 5570.
(pdftex.def)             Requested size: 469.755pt x 154.24825pt.
LaTeX Info: Redefining \. on input line 5611.
LaTeX Info: Redefining \% on input line 5611.
 [121 <./json.png>]
LaTeX Info: Redefining \. on input line 5685.
LaTeX Info: Redefining \% on input line 5685.
 [122]
<json1.png, id=1069, 1083.29718pt x 218.31563pt>
File: json1.png Graphic file (type png)
 <use json1.png>
Package pdftex.def Info: json1.png used on input line 5693.
(pdftex.def)             Requested size: 1083.29454pt x 218.31508pt.
File: json1.png Graphic file (type png)

<use json1.png>
Package pdftex.def Info: json1.png used on input line 5693.
(pdftex.def)             Requested size: 469.755pt x 94.67004pt.
LaTeX Info: Redefining \. on input line 5722.
LaTeX Info: Redefining \% on input line 5722.
 [123 <./json1.png>]
LaTeX Info: Redefining \. on input line 5722.
LaTeX Info: Redefining \% on input line 5722.
 [124

]
Cap\'{\i }tulo 24.
File: json.png Graphic file (type png)
<use json.png>
Package pdftex.def Info: json.png used on input line 5734.
(pdftex.def)             Requested size: 807.01303pt x 264.98935pt.
File: json.png Graphic file (type png)
 <use json.png>
Package pdftex.def Info: json.png used on input line 5734.
(pdftex.def)             Requested size: 469.755pt x 154.24825pt.
File: json1.png Graphic file (type png)
 <use json1.png>
Package pdftex.def Info: json1.png used on input line 5763.
(pdftex.def)             Requested size: 1083.29454pt x 218.31508pt.
File: json1.png Graphic file (type png)
 <use json1.png>
Package pdftex.def Info: json1.png used on input line 5763.
(pdftex.def)             Requested size: 469.755pt x 94.67004pt.
 [125]
<ficha1.png, id=1090, 317.68687pt x 135.50626pt>
File: ficha1.png Graphic file (type png)
 <use ficha1.png>
Package pdftex.def Info: ficha1.png used on input line 5802.
(pdftex.def)             Requested size: 317.68608pt x 135.5059pt.
File: ficha1.png Graphic file (type png)

<use ficha1.png>
Package pdftex.def Info: ficha1.png used on input line 5802.
(pdftex.def)             Requested size: 317.68608pt x 135.5059pt.
 <ficha2.png, id=1092, 335.00156pt x 263.48438pt>
File: ficha2.png Graphic file (type png)

<use ficha2.png>
Package pdftex.def Info: ficha2.png used on input line 5812.
(pdftex.def)             Requested size: 335.00073pt x 263.48372pt.
File: ficha2.png Graphic file (type png)
 <use ficha2.png>
Package pdftex.def Info: ficha2.png used on input line 5812.
(pdftex.def)             Requested size: 335.00073pt x 263.48372pt.
LaTeX Info: Redefining \. on input line 5816.
LaTeX Info: Redefining \% on input line 5816.
 [126 <./ficha1.png>]
LaTeX Info: Redefining \. on input line 5865.
LaTeX Info: Redefining \% on input line 5865.
 [127 <./ficha2.png>]
Underfull \vbox (badness 10000) detected at line 5978
 []


Underfull \vbox (badness 10000) detected at line 5978
 []

LaTeX Info: Redefining \. on input line 5978.
LaTeX Info: Redefining \% on input line 5978.
[128]
Underfull \vbox (badness 10000) detected at line 5978
 []


Underfull \vbox (badness 10000) detected at line 5978
 []

LaTeX Info: Redefining \. on input line 5978.
LaTeX Info: Redefining \% on input line 5978.
[129]
LaTeX Info: Redefining \. on input line 6084.
LaTeX Info: Redefining \% on input line 6084.
 [130]
LaTeX Info: Redefining \. on input line 6097.
LaTeX Info: Redefining \% on input line 6097.
 [131] <fichavRegistrado.png, id=1127, 322.20375pt x 252.19218pt>
File: fichavRegistrado.png Graphic file (type png)

<use fichavRegistrado.png>
Package pdftex.def Info: fichavRegistrado.png used on input line 6108.
(pdftex.def)             Requested size: 322.20296pt x 252.19156pt.
File: fichavRegistrado.png Graphic file (type png)
 <use fichavRegistrado.png>
Package pdftex.def Info: fichavRegistrado.png used on input line 6108.
(pdftex.def)             Requested size: 322.20296pt x 252.19156pt.

<fichavPedido.png, id=1129, 339.51843pt x 283.0575pt>
File: fichavPedido.png Graphic file (type png)
 <use fichavPedido.png>
Package pdftex.def Info: fichavPedido.png used on input line 6132.
(pdftex.def)             Requested size: 339.5176pt x 283.0568pt.
File: fichavPedido.png Graphic file (type png)

<use fichavPedido.png>
Package pdftex.def Info: fichavPedido.png used on input line 6132.
(pdftex.def)             Requested size: 339.5176pt x 283.0568pt.
LaTeX Info: Redefining \. on input line 6150.
LaTeX Info: Redefining \% on input line 6150.
 [132 <./fichavRegistrado.png>]
LaTeX Info: Redefining \. on input line 6170.
LaTeX Info: Redefining \% on input line 6170.
 [133 <./fichavPedido.png>]
LaTeX Info: Redefining \. on input line 6170.
LaTeX Info: Redefining \% on input line 6170.
 [134

]
Cap\'{\i }tulo 25.
[135]
LaTeX Info: Redefining \. on input line 6179.
LaTeX Info: Redefining \% on input line 6179.
 [136

]
Cap\'{\i }tulo 26.
<inflow1.png, id=1155, 889.82437pt x 308.65312pt>
File: inflow1.png Graphic file (type png)
 <use inflow1.png>
Package pdftex.def Info: inflow1.png used on input line 6226.
(pdftex.def)             Requested size: 889.8222pt x 308.65236pt.
File: inflow1.png Graphic file (type png)

<use inflow1.png>
Package pdftex.def Info: inflow1.png used on input line 6226.
(pdftex.def)             Requested size: 366.82483pt x 127.2409pt.
 [137 <./inflow1.png>]
<inflow.png, id=1168, 924.45375pt x 133.24782pt>
File: inflow.png Graphic file (type png)
 <use inflow.png>
Package pdftex.def Info: inflow.png used on input line 6255.
(pdftex.def)             Requested size: 924.45149pt x 133.24748pt.
File: inflow.png Graphic file (type png)

<use inflow.png>
Package pdftex.def Info: inflow.png used on input line 6255.
(pdftex.def)             Requested size: 366.82483pt x 52.87323pt.
 <inflow2.png, id=1169, 778.40813pt x 150.5625pt>
File: inflow2.png Graphic file (type png)

<use inflow2.png>
Package pdftex.def Info: inflow2.png used on input line 6284.
(pdftex.def)             Requested size: 778.40623pt x 150.56212pt.
File: inflow2.png Graphic file (type png)
 <use inflow2.png>
Package pdftex.def Info: inflow2.png used on input line 6284.
(pdftex.def)             Requested size: 366.82483pt x 70.95506pt.

<inflow3.png, id=1170, 896.59969pt x 427.5975pt>
File: inflow3.png Graphic file (type png)
 <use inflow3.png>
Package pdftex.def Info: inflow3.png used on input line 6303.
(pdftex.def)             Requested size: 896.5975pt x 427.59645pt.
File: inflow3.png Graphic file (type png)

<use inflow3.png>
Package pdftex.def Info: inflow3.png used on input line 6303.
(pdftex.def)             Requested size: 366.82483pt x 174.93768pt.
LaTeX Info: Redefining \. on input line 6304.
LaTeX Info: Redefining \% on input line 6304.
 [138 <./inflow.png> <./inflow2.png>]
<inflow4.png, id=1175, 891.33pt x 436.63126pt>
File: inflow4.png Graphic file (type png)
 <use inflow4.png>
Package pdftex.def Info: inflow4.png used on input line 6334.
(pdftex.def)             Requested size: 891.32784pt x 436.63019pt.
File: inflow4.png Graphic file (type png)

<use inflow4.png>
Package pdftex.def Info: inflow4.png used on input line 6334.
(pdftex.def)             Requested size: 366.82483pt x 179.69287pt.
 [139 <./inflow3.png> <./inflow4.png>]
LaTeX Info: Redefining \. on input line 6344.
LaTeX Info: Redefining \% on input line 6344.
 [140

]
Cap\'{\i }tulo 27.
<inflow5.png, id=1184, 894.34125pt x 480.29437pt>
File: inflow5.png Graphic file (type png)
 <use inflow5.png>
Package pdftex.def Info: inflow5.png used on input line 6363.
(pdftex.def)             Requested size: 894.33907pt x 480.29318pt.
File: inflow5.png Graphic file (type png)

<use inflow5.png>
Package pdftex.def Info: inflow5.png used on input line 6363.
(pdftex.def)             Requested size: 366.82483pt x 197.00258pt.
 <inflow6.png, id=1185, 286.82156pt x 152.82094pt>
File: inflow6.png Graphic file (type png)

<use inflow6.png>
Package pdftex.def Info: inflow6.png used on input line 6380.
(pdftex.def)             Requested size: 286.82085pt x 152.82054pt.
File: inflow6.png Graphic file (type png)
 <use inflow6.png>
Package pdftex.def Info: inflow6.png used on input line 6380.
(pdftex.def)             Requested size: 286.82085pt x 152.82054pt.
 [141 <./inflow5.png>]
<inflow7.png, id=1191, 585.68813pt x 458.46281pt>
File: inflow7.png Graphic file (type png)
 <use inflow7.png>
Package pdftex.def Info: inflow7.png used on input line 6397.
(pdftex.def)             Requested size: 585.68669pt x 458.46169pt.
File: inflow7.png Graphic file (type png)

<use inflow7.png>
Package pdftex.def Info: inflow7.png used on input line 6397.
(pdftex.def)             Requested size: 366.82483pt x 287.15416pt.
 <inflow8.png, id=1192, 441.14813pt x 342.5297pt>
File: inflow8.png Graphic file (type png)

<use inflow8.png>
Package pdftex.def Info: inflow8.png used on input line 6414.
(pdftex.def)             Requested size: 441.14705pt x 342.52885pt.
File: inflow8.png Graphic file (type png)
 <use inflow8.png>
Package pdftex.def Info: inflow8.png used on input line 6414.
(pdftex.def)             Requested size: 366.82483pt x 284.83267pt.
LaTeX Info: Redefining \. on input line 6415.
LaTeX Info: Redefining \% on input line 6415.
 [142 <./inflow6.png> <./inflow7.png>]
<inflow9.png, id=1197, 440.39531pt x 341.02406pt>
File: inflow9.png Graphic file (type png)
 <use inflow9.png>
Package pdftex.def Info: inflow9.png used on input line 6431.
(pdftex.def)             Requested size: 440.39423pt x 341.02322pt.
File: inflow9.png Graphic file (type png)

<use inflow9.png>
Package pdftex.def Info: inflow9.png used on input line 6431.
(pdftex.def)             Requested size: 366.82483pt x 284.06459pt.
 [143 <./inflow8.png>]
<inflow10.png, id=1202, 441.90094pt x 347.04657pt>
File: inflow10.png Graphic file (type png)
 <use inflow10.png>
Package pdftex.def Info: inflow10.png used on input line 6448.
(pdftex.def)             Requested size: 441.89986pt x 347.04572pt.
File: inflow10.png Graphic file (type png)

<use inflow10.png>
Package pdftex.def Info: inflow10.png used on input line 6448.
(pdftex.def)             Requested size: 366.82483pt x 288.10153pt.
LaTeX Info: Redefining \. on input line 6449.
LaTeX Info: Redefining \% on input line 6449.
 [144 <./inflow9.png>]
<inflow11.png, id=1208, 441.14813pt x 343.2825pt>
File: inflow11.png Graphic file (type png)
 <use inflow11.png>
Package pdftex.def Info: inflow11.png used on input line 6466.
(pdftex.def)             Requested size: 441.14705pt x 343.28165pt.
File: inflow11.png Graphic file (type png)

<use inflow11.png>
Package pdftex.def Info: inflow11.png used on input line 6466.
(pdftex.def)             Requested size: 366.82483pt x 285.45866pt.
 [145 <./inflow10.png>]
<inflow12.png, id=1213, 440.39531pt x 344.03531pt>
File: inflow12.png Graphic file (type png)
 <use inflow12.png>
Package pdftex.def Info: inflow12.png used on input line 6483.
(pdftex.def)             Requested size: 440.39423pt x 344.03447pt.
File: inflow12.png Graphic file (type png)

<use inflow12.png>
Package pdftex.def Info: inflow12.png used on input line 6483.
(pdftex.def)             Requested size: 366.82483pt x 286.57289pt.
LaTeX Info: Redefining \. on input line 6484.
LaTeX Info: Redefining \% on input line 6484.
 [146 <./inflow11.png>]
<inflow13.png, id=1218, 441.90094pt x 341.02406pt>
File: inflow13.png Graphic file (type png)
 <use inflow13.png>
Package pdftex.def Info: inflow13.png used on input line 6500.
(pdftex.def)             Requested size: 441.89986pt x 341.02322pt.
File: inflow13.png Graphic file (type png)

<use inflow13.png>
Package pdftex.def Info: inflow13.png used on input line 6500.
(pdftex.def)             Requested size: 366.82483pt x 283.10193pt.
 [147 <./inflow12.png>]
<inflow14.png, id=1224, 439.6425pt x 346.29375pt>
File: inflow14.png Graphic file (type png)
 <use inflow14.png>
Package pdftex.def Info: inflow14.png used on input line 6519.
(pdftex.def)             Requested size: 439.64142pt x 346.2929pt.
File: inflow14.png Graphic file (type png)

<use inflow14.png>
Package pdftex.def Info: inflow14.png used on input line 6519.
(pdftex.def)             Requested size: 366.82483pt x 288.94553pt.
LaTeX Info: Redefining \. on input line 6520.
LaTeX Info: Redefining \% on input line 6520.
 [148 <./inflow13.png>]
<88x31.png, id=1229, 88.33pt x 31.11626pt>
File: 88x31.png Graphic file (type png)
 <use 88x31.png>
Package pdftex.def Info: 88x31.png used on input line 6533.
(pdftex.def)             Requested size: 88.32977pt x 31.11617pt.
File: 88x31.png Graphic file (type png)
 <use 88x31.png>
Package pdftex.def Info: 88x31.png used on input line 6533.
(pdftex.def)             Requested size: 88.32977pt x 31.11617pt.

(./Pysafet.ind [149 <./inflow14.png> <./88x31.png>]
LaTeX Info: Redefining \. on input line 1.
LaTeX Info: Redefining \% on input line 1.
 [150

] [151

])
Package atveryend Info: Empty hook `BeforeClearDocument' on input line 6546.
Package atveryend Info: Empty hook `AfterLastShipout' on input line 6546.
 (./Pysafet.aux
LaTeX Info: Redefining \. on input line 21.
LaTeX Info: Redefining \% on input line 21.
)
Package atveryend Info: Executing hook `AtVeryEndDocument' on input line 6546.
Package atveryend Info: Executing hook `AtEndAfterFileList' on input line 6546.

Package rerunfilecheck Info: File `Pysafet.out' has not changed.
(rerunfilecheck)             Checksum: E61C53F4FF78975E77DCA1AE2750DF82;3116.


LaTeX Warning: There were multiply-defined labels.

Package atveryend Info: Empty hook `AtVeryVeryEnd' on input line 6546.
 ) 
Here is how much of TeX's memory you used:
 10155 strings out of 493485
 142468 string characters out of 3143526
 249929 words of memory out of 3000000
 12713 multiletter control sequences out of 15000+200000
 70268 words of font info for 84 fonts, out of 3000000 for 9000
 958 hyphenation exceptions out of 8191
 38i,12n,48p,734b,776s stack positions out of 5000i,500n,10000p,200000b,50000s
{/usr/share/texlive/texmf-dist/fonts/enc/dvips/base/8r.enc}</usr/share/texliv
e/texmf-dist/fonts/type1/urw/courier/ucrb8a.pfb></usr/share/texlive/texmf-dist/
fonts/type1/urw/courier/ucrr8a.pfb></usr/share/texlive/texmf-dist/fonts/type1/u
rw/courier/ucrro8a.pfb></usr/share/texlive/texmf-dist/fonts/type1/urw/helvetic/
uhvb8a.pfb></usr/share/texlive/texmf-dist/fonts/type1/urw/helvetic/uhvbo8a.pfb>
</usr/share/texlive/texmf-dist/fonts/type1/urw/helvetic/uhvr8a.pfb></usr/share/
texlive/texmf-dist/fonts/type1/urw/times/utmb8a.pfb></usr/share/texlive/texmf-d
ist/fonts/type1/urw/times/utmr8a.pfb></usr/share/texlive/texmf-dist/fonts/type1
/urw/times/utmri8a.pfb>
Output written on Pysafet.pdf (155 pages, 2705257 bytes).
PDF statistics:
 1402 PDF objects out of 1440 (max. 8388607)
 1147 compressed objects within 12 object streams
 420 named destinations out of 1000 (max. 500000)
 688 words of extra memory for PDF output out of 10000 (max. 10000000)

